<?xml version="1.0" encoding="UTF-8"?>
<!-- Generated by org.testng.reporters.JUnitXMLReporter -->
<testsuite hostname="pradeep" name="Default test" tests="4" failures="0" timestamp="27 Sep 2016 06:47:57 GMT" time="34.925" errors="0">
  <testcase name="login" time="17.52" classname="com.sureifylife.GmailLogin"/>
  <testcase name="checkUnreadMails" time="4.409" classname="com.sureifylife.GmailLogin"/>
  <testcase name="getUnreadMsgs" time="6.285" classname="com.sureifylife.GmailLogin"/>
  <testcase name="selectEmail" time="0.002" classname="com.sureifylife.GmailLogin"/>
</testsuite> <!-- Default test -->
