<?xml version="1.0" encoding="UTF-8"?>
<!-- Generated by org.testng.reporters.JUnitXMLReporter -->
<testsuite hostname="pradeep" name="Create Account" tests="21" failures="0" timestamp="4 Oct 2016 05:10:04 GMT" time="224.209" errors="0">
  <testcase name="setUp" time="17.925" classname="com.sureifylife.WebApp"/>
  <testcase name="lanchApp" time="3.004" classname="com.sureifylife.WebApp"/>
  <testcase name="getQuotebutton2" time="14.379" classname="com.sureifylife.WebApp"/>
  <testcase name="BasicInfo" time="0.019" classname="com.sureifylife.WebApp"/>
  <testcase name="validzipcode" time="5.293" classname="com.sureifylife.WebApp"/>
  <testcase name="validName" time="4.382" classname="com.sureifylife.WebApp"/>
  <testcase name="validEmail" time="6.553" classname="com.sureifylife.WebApp"/>
  <testcase name="getCaptcha" time="25.875" classname="com.sureifylife.WebApp"/>
  <testcase name="getquoteButton" time="3.177" classname="com.sureifylife.WebApp"/>
  <testcase name="confirmApply" time="6.195" classname="com.sureifylife.WebApp"/>
  <testcase name="buyNow" time="8.237" classname="com.sureifylife.WebApp"/>
  <testcase name="lanchGmail" time="5.615" classname="com.sureifylife.WebApp"/>
  <testcase name="mailLogin" time="26.703" classname="com.sureifylife.WebApp"/>
  <testcase name="clickLink" time="21.313" classname="com.sureifylife.WebApp"/>
  <testcase name="createAccountInstance" time="0.012" classname="com.sureifylife.WebApp"/>
  <testcase name="invalidPasswordData" time="19.436" classname="com.sureifylife.WebApp"/>
  <testcase name="validPassword" time="3.208" classname="com.sureifylife.WebApp"/>
  <testcase name="validConfirmPassword" time="3.371" classname="com.sureifylife.WebApp"/>
  <testcase name="verifyShowAndHidePassword" time="13.111" classname="com.sureifylife.WebApp"/>
  <testcase name="captcha" time="25.954" classname="com.sureifylife.WebApp"/>
  <testcase name="clickCreat" time="10.37" classname="com.sureifylife.WebApp"/>
</testsuite> <!-- Create Account -->
