<?xml version="1.0" encoding="UTF-8"?>
<!-- Generated by org.testng.reporters.JUnitXMLReporter -->
<testsuite hostname="pradeep" name="LanchApp" tests="23" failures="0" timestamp="26 Sep 2016 07:10:02 GMT" time="217.149" errors="0">
  <testcase name="setUp" time="17.891" classname="com.sureifylife.WebApp"/>
  <testcase name="lanchApp" time="3.004" classname="com.sureifylife.WebApp"/>
  <testcase name="lifeInsurance" time="20.056" classname="com.sureifylife.WebApp"/>
  <testcase name="learnMore" time="5.14" classname="com.sureifylife.WebApp"/>
  <testcase name="trySureify" time="15.772" classname="com.sureifylife.WebApp"/>
  <testcase name="startSaving" time="5.312" classname="com.sureifylife.WebApp"/>
  <testcase name="getRate" time="9.168" classname="com.sureifylife.WebApp"/>
  <testcase name="getStarted" time="9.398" classname="com.sureifylife.WebApp"/>
  <testcase name="getaQuote" time="11.644" classname="com.sureifylife.WebApp"/>
  <testcase name="savings" time="22.95" classname="com.sureifylife.WebApp"/>
  <testcase name="learnMore_Savings" time="3.145" classname="com.sureifylife.WebApp"/>
  <testcase name="getAquote_Savings" time="9.049" classname="com.sureifylife.WebApp"/>
  <testcase name="pro_Savings" time="13.167" classname="com.sureifylife.WebApp"/>
  <testcase name="planComparision_Savings" time="3.183" classname="com.sureifylife.WebApp"/>
  <testcase name="clogo" time="2.477" classname="com.sureifylife.WebApp"/>
  <testcase name="devices" time="12.115" classname="com.sureifylife.WebApp"/>
  <testcase name="learnMore_Devices" time="3.131" classname="com.sureifylife.WebApp"/>
  <testcase name="getAquote_Devices" time="9.283" classname="com.sureifylife.WebApp"/>
  <testcase name="pro_devices" time="9.449" classname="com.sureifylife.WebApp"/>
  <testcase name="dlogo" time="2.241" classname="com.sureifylife.WebApp"/>
  <testcase name="blog" time="15.314" classname="com.sureifylife.WebApp"/>
  <testcase name="blogo" time="5.282" classname="com.sureifylife.WebApp"/>
  <testcase name="getQuotebutton2" time="8.883" classname="com.sureifylife.WebApp"/>
</testsuite> <!-- LanchApp -->
