<?xml version="1.0" encoding="UTF-8"?>
<!-- Generated by org.testng.reporters.JUnitXMLReporter -->
<testsuite hostname="pradeep" name="smoke" tests="58" failures="0" timestamp="3 Oct 2016 10:57:26 GMT" time="792.759" errors="0">
  <testcase name="setUp" time="16.662" classname="com.sureifylife.WebApp"/>
  <testcase name="lanchApp" time="3.004" classname="com.sureifylife.WebApp"/>
  <testcase name="getQuotebutton2" time="15.201" classname="com.sureifylife.WebApp"/>
  <testcase name="BasicInfo" time="0.017" classname="com.sureifylife.WebApp"/>
  <testcase name="validzipcode" time="5.262" classname="com.sureifylife.WebApp"/>
  <testcase name="validName" time="4.386" classname="com.sureifylife.WebApp"/>
  <testcase name="validEmail" time="6.597" classname="com.sureifylife.WebApp"/>
  <testcase name="getCaptcha" time="23.946" classname="com.sureifylife.WebApp"/>
  <testcase name="getquoteButton" time="3.172" classname="com.sureifylife.WebApp"/>
  <testcase name="confirmApply" time="6.15" classname="com.sureifylife.WebApp"/>
  <testcase name="buyNow" time="7.456" classname="com.sureifylife.WebApp"/>
  <testcase name="lanchGmail" time="5.563" classname="com.sureifylife.WebApp"/>
  <testcase name="mailLogin" time="28.54" classname="com.sureifylife.WebApp"/>
  <testcase name="clickLink" time="20.146" classname="com.sureifylife.WebApp"/>
  <testcase name="createAccountInstance" time="0.005" classname="com.sureifylife.WebApp"/>
  <testcase name="validPassword" time="3.936" classname="com.sureifylife.WebApp"/>
  <testcase name="validConfirmPassword" time="3.38" classname="com.sureifylife.WebApp"/>
  <testcase name="captcha" time="23.682" classname="com.sureifylife.WebApp"/>
  <testcase name="clickCreat" time="10.089" classname="com.sureifylife.WebApp"/>
  <testcase name="verifyShowAndHidePassword" time="3.13" classname="com.sureifylife.WebApp"/>
  <testcase name="personalInfo" time="0.005" classname="com.sureifylife.WebApp"/>
  <testcase name="invalidFirstName" time="32.448" classname="com.sureifylife.WebApp"/>
  <testcase name="validFirstName" time="12.753" classname="com.sureifylife.WebApp"/>
  <testcase name="invalidMiddleName" time="31.994" classname="com.sureifylife.WebApp"/>
  <testcase name="validMiddleName" time="12.606" classname="com.sureifylife.WebApp"/>
  <testcase name="invalidLastName" time="32.091" classname="com.sureifylife.WebApp"/>
  <testcase name="validLastName" time="12.742" classname="com.sureifylife.WebApp"/>
  <testcase name="chooseBirth" time="52.483" classname="com.sureifylife.WebApp"/>
  <testcase name="choosGender" time="10.308" classname="com.sureifylife.WebApp"/>
  <testcase name="selectHeight" time="13.186" classname="com.sureifylife.WebApp"/>
  <testcase name="InvalidWeight" time="25.288" classname="com.sureifylife.WebApp"/>
  <testcase name="validWeight" time="12.666" classname="com.sureifylife.WebApp"/>
  <testcase name="invalidSSN" time="19.106" classname="com.sureifylife.WebApp"/>
  <testcase name="validSSN" time="3.297" classname="com.sureifylife.WebApp"/>
  <testcase name="notInUs" time="7.733" classname="com.sureifylife.WebApp"/>
  <testcase name="selectState" time="8.353" classname="com.sureifylife.WebApp"/>
  <testcase name="inavalidAddress1" time="5.35" classname="com.sureifylife.WebApp"/>
  <testcase name="validAddress1" time="5.278" classname="com.sureifylife.WebApp"/>
  <testcase name="enterAddress2" time="0.189" classname="com.sureifylife.WebApp"/>
  <testcase name="inavalidCity" time="36.823" classname="com.sureifylife.WebApp"/>
  <testcase name="validCity" time="10.5" classname="com.sureifylife.WebApp"/>
  <testcase name="selectUserState" time="5.396" classname="com.sureifylife.WebApp"/>
  <testcase name="invalidZipCode" time="15.638" classname="com.sureifylife.WebApp"/>
  <testcase name="validZipCode" time="5.28" classname="com.sureifylife.WebApp"/>
  <testcase name="invalidCellNumber" time="36.601" classname="com.sureifylife.WebApp"/>
  <testcase name="validCellNumber" time="5.419" classname="com.sureifylife.WebApp"/>
  <testcase name="invalidWorkNumber" time="36.33" classname="com.sureifylife.WebApp"/>
  <testcase name="validWorkNumber" time="5.361" classname="com.sureifylife.WebApp"/>
  <testcase name="invalidHomeNumber" time="36.263" classname="com.sureifylife.WebApp"/>
  <testcase name="validHomeNumber" time="5.35" classname="com.sureifylife.WebApp"/>
  <testcase name="invalidLicenseNumber" time="20.904" classname="com.sureifylife.WebApp"/>
  <testcase name="validLicenseNumber" time="15.612" classname="com.sureifylife.WebApp"/>
  <testcase name="driverState" time="5.355" classname="com.sureifylife.WebApp"/>
  <testcase name="invalidOccupation" time="36.849" classname="com.sureifylife.WebApp"/>
  <testcase name="validOccupation" time="10.681" classname="com.sureifylife.WebApp"/>
  <testcase name="invalidWorkZip" time="10.503" classname="com.sureifylife.WebApp"/>
  <testcase name="validWorkZip" time="5.358" classname="com.sureifylife.WebApp"/>
  <testcase name="clickNextInPersonalINfo" time="0.173" classname="com.sureifylife.WebApp"/>
</testsuite> <!-- smoke -->
