<?xml version="1.0" encoding="UTF-8"?>
<testng-results skipped="119" failed="2" total="194" passed="73">
  <reporter-output>
    <line>
      <![CDATA[CHROME Browser Lanched]]>
    </line>
    <line>
      <![CDATA[Status: http://sureifylife.com/ Launched]]>
    </line>
    <line>
      <![CDATA[TEST NO : 1]]>
    </line>
    <line>
      <![CDATA[	Title: Click on Life Insurance link]]>
    </line>
    <line>
      <![CDATA[	Input: N/A]]>
    </line>
    <line>
      <![CDATA[	Url_Before_Test: https://sureifylife.com/]]>
    </line>
    <line>
      <![CDATA[	Status: Clicked on Life Insurance link]]>
    </line>
    <line>
      <![CDATA[	TEST - PASSED]]>
    </line>
    <line>
      <![CDATA[	Title: Redirect to  Life Insurance Page ]]>
    </line>
    <line>
      <![CDATA[	Input: N/A]]>
    </line>
    <line>
      <![CDATA[	Url_After_Test: https://sureifylife.com/life_insurance]]>
    </line>
    <line>
      <![CDATA[	Status: Redirected to  Life Insurance Page]]>
    </line>
    <line>
      <![CDATA[	TEST- PASSED]]>
    </line>
    <line>
      <![CDATA[TEST NO : 2]]>
    </line>
    <line>
      <![CDATA[	Title: Click on Learn More Button in Life Insurance Page ]]>
    </line>
    <line>
      <![CDATA[	Input: N/A]]>
    </line>
    <line>
      <![CDATA[	Status: Clicked on Life Insurance link & Redirected to Try Sureify Scene.]]>
    </line>
    <line>
      <![CDATA[	Test - PASSED]]>
    </line>
    <line>
      <![CDATA[TEST NO : 3]]>
    </line>
    <line>
      <![CDATA[	Title: Click on Try Sureify Button Should Redirect Basic Info Page ]]>
    </line>
    <line>
      <![CDATA[	Input: N/A]]>
    </line>
    <line>
      <![CDATA[	Url_Before_Test: https://sureifylife.com/life_insurance]]>
    </line>
    <line>
      <![CDATA[	Input: N/A]]>
    </line>
    <line>
      <![CDATA[	Url_After_Test: https://sureifylife.com/quote/getQuotev4]]>
    </line>
    <line>
      <![CDATA[	Status: Redirected to Basic Info Page ]]>
    </line>
    <line>
      <![CDATA[	Test - PASSED]]>
    </line>
    <line>
      <![CDATA[	Title: Navigate back to Life Insurance Page]]>
    </line>
    <line>
      <![CDATA[	Input: N/A]]>
    </line>
    <line>
      <![CDATA[	Url_Before_Test: https://sureifylife.com/quote/getQuotev4]]>
    </line>
    <line>
      <![CDATA[	Url_After_Test: https://sureifylife.com/life_insurance]]>
    </line>
    <line>
      <![CDATA[	Status: Navigated back to Life Insurance Page]]>
    </line>
    <line>
      <![CDATA[	Test - PASSED]]>
    </line>
    <line>
      <![CDATA[TEST NO : 4]]>
    </line>
    <line>
      <![CDATA[	Title: Click on Start Savings Button]]>
    </line>
    <line>
      <![CDATA[	Input: N/A]]>
    </line>
    <line>
      <![CDATA[	Url_Before_Test: https://sureifylife.com/life_insurance]]>
    </line>
    <line>
      <![CDATA[	Url_Before_Test: https://sureifylife.com/quote/getQuotev4]]>
    </line>
    <line>
      <![CDATA[	Status: Clicked on Start Savings Button ]]>
    </line>
    <line>
      <![CDATA[	Test - PASSED]]>
    </line>
    <line>
      <![CDATA[	Title: Navigate back to Life Insurance Page]]>
    </line>
    <line>
      <![CDATA[	Input: N/A]]>
    </line>
    <line>
      <![CDATA[	Url_Before_Test: https://sureifylife.com/quote/getQuotev4]]>
    </line>
    <line>
      <![CDATA[	Url_After_Test: https://sureifylife.com/life_insurance]]>
    </line>
    <line>
      <![CDATA[	Status: Navigated back to Life Insurance Page]]>
    </line>
    <line>
      <![CDATA[	Test - PASSED]]>
    </line>
    <line>
      <![CDATA[TEST NO : 5]]>
    </line>
    <line>
      <![CDATA[	Title: Click on Get Your Rate Button]]>
    </line>
    <line>
      <![CDATA[	Input: N/A]]>
    </line>
    <line>
      <![CDATA[	Url_Before_Test: https://sureifylife.com/life_insurance]]>
    </line>
    <line>
      <![CDATA[	Url_Before_Test: https://sureifylife.com/quote/getQuotev4]]>
    </line>
    <line>
      <![CDATA[	Status: Clicked on Get Your Rate Button ]]>
    </line>
    <line>
      <![CDATA[	Test - PASSED]]>
    </line>
    <line>
      <![CDATA[	Title: Navigate back to Life Insurance Page]]>
    </line>
    <line>
      <![CDATA[	Input: N/A]]>
    </line>
    <line>
      <![CDATA[	Url_Before_Test: https://sureifylife.com/quote/getQuotev4]]>
    </line>
    <line>
      <![CDATA[	Url_After_Test: https://sureifylife.com/life_insurance]]>
    </line>
    <line>
      <![CDATA[	Status: Navigated back to Life Insurance Page]]>
    </line>
    <line>
      <![CDATA[	Test - PASSED]]>
    </line>
    <line>
      <![CDATA[TEST NO : 6]]>
    </line>
    <line>
      <![CDATA[	Title: Click on Get Started Button]]>
    </line>
    <line>
      <![CDATA[	Input: N/A]]>
    </line>
    <line>
      <![CDATA[	Url_Before_Test: https://sureifylife.com/life_insurance]]>
    </line>
    <line>
      <![CDATA[	Url_Before_Test: https://sureifylife.com/quote/getQuotev4]]>
    </line>
    <line>
      <![CDATA[	Status: Clicked on Get Started Button ]]>
    </line>
    <line>
      <![CDATA[	Test - PASSED]]>
    </line>
    <line>
      <![CDATA[	Title: Navigate back to Life Insurance Page]]>
    </line>
    <line>
      <![CDATA[	Input: N/A]]>
    </line>
    <line>
      <![CDATA[	Url_Before_Test: https://sureifylife.com/quote/getQuotev4]]>
    </line>
    <line>
      <![CDATA[	Url_After_Test: https://sureifylife.com/life_insurance]]>
    </line>
    <line>
      <![CDATA[	Status: Navigated back to Life Insurance Page]]>
    </line>
    <line>
      <![CDATA[	Test - PASSED]]>
    </line>
    <line>
      <![CDATA[TEST NO : 7]]>
    </line>
    <line>
      <![CDATA[	Title: Click on Get a Quote Button]]>
    </line>
    <line>
      <![CDATA[	Input: N/A]]>
    </line>
    <line>
      <![CDATA[	Url_Before_Test: https://sureifylife.com/life_insurance]]>
    </line>
    <line>
      <![CDATA[	Url_Before_Test: https://sureifylife.com/quote/getQuotev4]]>
    </line>
    <line>
      <![CDATA[	Status: Clicked on Get a Quote Button ]]>
    </line>
    <line>
      <![CDATA[	Test - PASSED]]>
    </line>
    <line>
      <![CDATA[	Title: Navigate back to Home Page]]>
    </line>
    <line>
      <![CDATA[	Input: N/A]]>
    </line>
    <line>
      <![CDATA[	Url_Before_Test: https://sureifylife.com/quote/getQuotev4]]>
    </line>
    <line>
      <![CDATA[	Url_After_Test: https://sureifylife.com/]]>
    </line>
    <line>
      <![CDATA[	Status: Navigated back to Home Page]]>
    </line>
    <line>
      <![CDATA[	Test - PASSED]]>
    </line>
    <line>
      <![CDATA[TEST NO : 8]]>
    </line>
    <line>
      <![CDATA[	Title: Click on Savings link]]>
    </line>
    <line>
      <![CDATA[	Input: N/A]]>
    </line>
    <line>
      <![CDATA[	Url_Before_Test: https://sureifylife.com/]]>
    </line>
    <line>
      <![CDATA[	Status: Clicked on Savings link]]>
    </line>
    <line>
      <![CDATA[	Test - PASSED]]>
    </line>
    <line>
      <![CDATA[	Title: Redirect to  Savings Page ]]>
    </line>
    <line>
      <![CDATA[	Input: N/A]]>
    </line>
    <line>
      <![CDATA[	Url_After_Test: https://sureifylife.com/saving]]>
    </line>
    <line>
      <![CDATA[	Status: Redirected to  Life Insurance Page]]>
    </line>
    <line>
      <![CDATA[	Test - PASSED]]>
    </line>
    <line>
      <![CDATA[TEST NO : 9]]>
    </line>
    <line>
      <![CDATA[	Title: Click on Learn More Button in Savings Page ]]>
    </line>
    <line>
      <![CDATA[	Input: N/A]]>
    </line>
    <line>
      <![CDATA[	Status: Clicked on Learn More link & Redirected to Policy issues Scene.]]>
    </line>
    <line>
      <![CDATA[	Test - PASSED]]>
    </line>
    <line>
      <![CDATA[TEST NO : 10]]>
    </line>
    <line>
      <![CDATA[	Title: Click on Get a Quote Button In Savings page]]>
    </line>
    <line>
      <![CDATA[	Input: N/A]]>
    </line>
    <line>
      <![CDATA[	Status: Clicked on Get a Quote Button In Savings page & Redirected to *Ready to pick a policy scene?*]]>
    </line>
    <line>
      <![CDATA[	Test - PASSED]]>
    </line>
    <line>
      <![CDATA[TEST NO : 11]]>
    </line>
    <line>
      <![CDATA[	Title: Click on 500k policy In Savings page]]>
    </line>
    <line>
      <![CDATA[	Input: N/A]]>
    </line>
    <line>
      <![CDATA[	Status: Clicked on 500k policy In Savings page & Redirected to *Basic Info Page*]]>
    </line>
    <line>
      <![CDATA[	Test - PASSED]]>
    </line>
    <line>
      <![CDATA[TEST NO : 12]]>
    </line>
    <line>
      <![CDATA[	Title: Click on 500k policy In Savings page]]>
    </line>
    <line>
      <![CDATA[	Input: N/A]]>
    </line>
    <line>
      <![CDATA[	$500,000]]>
    </line>
    <line>
      <![CDATA[	Status: The Selected plan is appearing in Basic Info page]]>
    </line>
    <line>
      <![CDATA[	Test - PASSED]]>
    </line>
    <line>
      <![CDATA[TEST NO : 13]]>
    </line>
    <line>
      <![CDATA[	Title: Navigate back to Home Page]]>
    </line>
    <line>
      <![CDATA[	Input: N/A]]>
    </line>
    <line>
      <![CDATA[	Url_Before_Test: https://sureifylife.com/quote/getQuotev4?plan=2]]>
    </line>
    <line>
      <![CDATA[	Url_After_Test: https://sureifylife.com/]]>
    </line>
    <line>
      <![CDATA[	Status: Navigated back to Home Page]]>
    </line>
    <line>
      <![CDATA[	Test - PASSED]]>
    </line>
    <line>
      <![CDATA[TEST NO : 14]]>
    </line>
    <line>
      <![CDATA[	Title: Click on Devices link]]>
    </line>
    <line>
      <![CDATA[	Input: N/A]]>
    </line>
    <line>
      <![CDATA[	Url_Before_Test: https://sureifylife.com/]]>
    </line>
    <line>
      <![CDATA[	Status: Clicked on Devices link]]>
    </line>
    <line>
      <![CDATA[	Test - PASSED]]>
    </line>
    <line>
      <![CDATA[	Title: Redirect to  Devices Page ]]>
    </line>
    <line>
      <![CDATA[	Input: N/A]]>
    </line>
    <line>
      <![CDATA[	Url_After_Test: https://sureifylife.com/devices]]>
    </line>
    <line>
      <![CDATA[	Status: Redirected to  Devices Page]]>
    </line>
    <line>
      <![CDATA[	Test - PASSED]]>
    </line>
    <line>
      <![CDATA[TEST NO : 15]]>
    </line>
    <line>
      <![CDATA[	Title: Click on Learn More Button in Devices Page ]]>
    </line>
    <line>
      <![CDATA[	Input: N/A]]>
    </line>
    <line>
      <![CDATA[	Status: Clicked on Learn More link & Redirected to FITbit Scene.]]>
    </line>
    <line>
      <![CDATA[	Test - PASSED]]>
    </line>
    <line>
      <![CDATA[TEST NO : 16]]>
    </line>
    <line>
      <![CDATA[	Title: Click on Get a Quote Button In Savings page]]>
    </line>
    <line>
      <![CDATA[	Input: N/A]]>
    </line>
    <line>
      <![CDATA[	Status: Clicked on Get a Quote Button In Devices page & Redirected to *Ready to pick a policy scene?*]]>
    </line>
    <line>
      <![CDATA[	Test - PASSED]]>
    </line>
    <line>
      <![CDATA[TEST NO : 17]]>
    </line>
    <line>
      <![CDATA[	Title: Click on 700k policy In Savings page]]>
    </line>
    <line>
      <![CDATA[	Input: N/A]]>
    </line>
    <line>
      <![CDATA[	Status: Clicked on 700k policy In Savings page & Redirected to *Basic Info Page*]]>
    </line>
    <line>
      <![CDATA[	Test - PASSED]]>
    </line>
    <line>
      <![CDATA[TEST NO : 18]]>
    </line>
    <line>
      <![CDATA[	Title: Navigate back to Home Page]]>
    </line>
    <line>
      <![CDATA[	Input: N/A]]>
    </line>
    <line>
      <![CDATA[	Url_Before_Test: https://sureifylife.com/quote/getQuotev4?plan=3]]>
    </line>
    <line>
      <![CDATA[	Url_After_Test: https://sureifylife.com/]]>
    </line>
    <line>
      <![CDATA[	Status: Navigated back to Home Page]]>
    </line>
    <line>
      <![CDATA[	Test - PASSED]]>
    </line>
    <line>
      <![CDATA[TEST NO : 19]]>
    </line>
    <line>
      <![CDATA[	Title: Click on Blog link]]>
    </line>
    <line>
      <![CDATA[	Input: N/A]]>
    </line>
    <line>
      <![CDATA[	Url_Before_Test: https://sureifylife.com/]]>
    </line>
    <line>
      <![CDATA[	Status: Clicked on Blog link]]>
    </line>
    <line>
      <![CDATA[	Test - PASSED]]>
    </line>
    <line>
      <![CDATA[	Title: Redirect to  Blog Page ]]>
    </line>
    <line>
      <![CDATA[	Input: N/A]]>
    </line>
    <line>
      <![CDATA[	Url_After_Test: http://blog.sureify.com/]]>
    </line>
    <line>
      <![CDATA[	Status: Redirected to  Blog Page]]>
    </line>
    <line>
      <![CDATA[	Test - PASSED]]>
    </line>
    <line>
      <![CDATA[TEST NO : 20]]>
    </line>
    <line>
      <![CDATA[	Title: Navigate back to Home Page]]>
    </line>
    <line>
      <![CDATA[	Input: N/A]]>
    </line>
    <line>
      <![CDATA[	Url_Before_Test: http://blog.sureify.com/]]>
    </line>
    <line>
      <![CDATA[	Url_After_Test: https://sureifylife.com/]]>
    </line>
    <line>
      <![CDATA[	Status: Navigated back to Home Page]]>
    </line>
    <line>
      <![CDATA[	Test - PASSED]]>
    </line>
    <line>
      <![CDATA[TEST NO : 21]]>
    </line>
    <line>
      <![CDATA[	Title: Click on Get Quote Button ]]>
    </line>
    <line>
      <![CDATA[	Input: N/A]]>
    </line>
    <line>
      <![CDATA[	Status: Clicked on Get Quote Button]]>
    </line>
    <line>
      <![CDATA[	Test - PASSED]]>
    </line>
    <line>
      <![CDATA[	Title: Redirect to Basic Info Page ]]>
    </line>
    <line>
      <![CDATA[	Input: N/A]]>
    </line>
    <line>
      <![CDATA[	Status: Redirected to  Basic Info Page]]>
    </line>
    <line>
      <![CDATA[	Test - PASSED]]>
    </line>
    <line>
      <![CDATA[TEST NO : 22]]>
    </line>
    <line>
      <![CDATA[	TITLE : Entering Into Basicinfo Quote Page]]>
    </line>
    <line>
      <![CDATA[	STATUS : Enterend into Basicinfo Quote Page]]>
    </line>
    <line>
      <![CDATA[	TEST : Passed]]>
    </line>
    <line>
      <![CDATA[TEST NO : 23]]>
    </line>
    <line>
      <![CDATA[	Title: Click on Question icon preceeding  Zipcode ]]>
    </line>
    <line>
      <![CDATA[	Input: N/A]]>
    </line>
    <line>
      <![CDATA[	Status: Clicked on Question mark successfully]]>
    </line>
    <line>
      <![CDATA[	Status: Popup opened]]>
    </line>
    <line>
      <![CDATA[	Status: Popup closed successfully]]>
    </line>
    <line>
      <![CDATA[	Test - PASSED]]>
    </line>
    <line>
      <![CDATA[TEST NO : 24]]>
    </line>
    <line>
      <![CDATA[	Title: Input Invalid Zipcode ]]>
    </line>
    <line>
      <![CDATA[	Input:123]]>
    </line>
    <line>
      <![CDATA[	Status:  Should show Error messages like Invalid Zipcode]]>
    </line>
    <line>
      <![CDATA[	Test - PASSED]]>
    </line>
    <line>
      <![CDATA[	Input:ab1234d]]>
    </line>
    <line>
      <![CDATA[	Status:  Should show Error messages like Invalid Zipcode]]>
    </line>
    <line>
      <![CDATA[	Test - PASSED]]>
    </line>
    <line>
      <![CDATA[	Input:-1234]]>
    </line>
    <line>
      <![CDATA[	Status:  Should show Error messages like Invalid Zipcode]]>
    </line>
    <line>
      <![CDATA[	Test - PASSED]]>
    </line>
    <line>
      <![CDATA[	Input:123456]]>
    </line>
    <line>
      <![CDATA[	Status:  Should show Error messages like Invalid Zipcode]]>
    </line>
    <line>
      <![CDATA[	Test - PASSED]]>
    </line>
    <line>
      <![CDATA[	Input:000000]]>
    </line>
    <line>
      <![CDATA[	Status:  Should show Error messages like Invalid Zipcode]]>
    </line>
    <line>
      <![CDATA[	Test - PASSED]]>
    </line>
    <line>
      <![CDATA[TEST NO : 25]]>
    </line>
    <line>
      <![CDATA[	Title: Input Valid Zipcode ]]>
    </line>
    <line>
      <![CDATA[	Input:12345-6789]]>
    </line>
    <line>
      <![CDATA[	Test PASSED - Zipcode accepted]]>
    </line>
    <line>
      <![CDATA[	Input:96094]]>
    </line>
    <line>
      <![CDATA[	Test PASSED - Zipcode accepted]]>
    </line>
    <line>
      <![CDATA[TEST NO : 26]]>
    </line>
    <line>
      <![CDATA[	Title: Click on Question icon preceeding Faceamount ]]>
    </line>
    <line>
      <![CDATA[	Input: N/A]]>
    </line>
    <line>
      <![CDATA[	Status: Clicked on Question mark successfully]]>
    </line>
    <line>
      <![CDATA[	Status: Popup opened]]>
    </line>
    <line>
      <![CDATA[	Status: Popup closed successfully]]>
    </line>
    <line>
      <![CDATA[	Test - PASSED]]>
    </line>
    <line>
      <![CDATA[TEST NO : 27]]>
    </line>
    <line>
      <![CDATA[	Title: Click on dropdown arrow to choose Faceamount ]]>
    </line>
    <line>
      <![CDATA[	Input: $250,000]]>
    </line>
    <line>
      <![CDATA[	Status: Choose $250,000from dropdown ]]>
    </line>
    <line>
      <![CDATA[	Test - PASSED]]>
    </line>
    <line>
      <![CDATA[	Input: $500,000]]>
    </line>
    <line>
      <![CDATA[	Status: Choose $500,000from dropdown ]]>
    </line>
    <line>
      <![CDATA[	Test - PASSED]]>
    </line>
    <line>
      <![CDATA[	Input: $750,000]]>
    </line>
    <line>
      <![CDATA[	Status: Choose $750,000from dropdown ]]>
    </line>
    <line>
      <![CDATA[	Test - PASSED]]>
    </line>
    <line>
      <![CDATA[	Input: $1,000,000]]>
    </line>
    <line>
      <![CDATA[	Status: Choose $1,000,000from dropdown ]]>
    </line>
    <line>
      <![CDATA[	Test - PASSED]]>
    </line>
    <line>
      <![CDATA[TEST NO : 28]]>
    </line>
    <line>
      <![CDATA[	Title: Click on Question icon preceeding Duration ]]>
    </line>
    <line>
      <![CDATA[	Input: N/A]]>
    </line>
    <line>
      <![CDATA[	Status: Clicked on Question mark successfully]]>
    </line>
    <line>
      <![CDATA[	Status: Popup opened]]>
    </line>
    <line>
      <![CDATA[	Status: Popup closed successfully]]>
    </line>
    <line>
      <![CDATA[	Test - PASSED]]>
    </line>
    <line>
      <![CDATA[TEST NO : 29]]>
    </line>
    <line>
      <![CDATA[	Title: Click on Dropdown to choose Duration]]>
    </line>
    <line>
      <![CDATA[	Input: 10]]>
    </line>
    <line>
      <![CDATA[	Status: Choosed 10 from dropdown ]]>
    </line>
    <line>
      <![CDATA[	Test - PASSED]]>
    </line>
    <line>
      <![CDATA[	Input: 20]]>
    </line>
    <line>
      <![CDATA[	Status: Choosed 20 from dropdown ]]>
    </line>
    <line>
      <![CDATA[	Test - PASSED]]>
    </line>
    <line>
      <![CDATA[	Input: 30]]>
    </line>
    <line>
      <![CDATA[	Status: Choosed 30 from dropdown ]]>
    </line>
    <line>
      <![CDATA[	Test - PASSED]]>
    </line>
    <line>
      <![CDATA[TEST NO : 30]]>
    </line>
    <line>
      <![CDATA[	Title: Click on Question icon preceeding Gender ]]>
    </line>
    <line>
      <![CDATA[	Input: N/A]]>
    </line>
    <line>
      <![CDATA[	Status: Clicked on Question mark successfully]]>
    </line>
    <line>
      <![CDATA[	Status: Popup opened]]>
    </line>
    <line>
      <![CDATA[	Status: Popup closed successfully]]>
    </line>
    <line>
      <![CDATA[	Test - PASSED]]>
    </line>
    <line>
      <![CDATA[TEST NO : 31]]>
    </line>
    <line>
      <![CDATA[	Title: Click checkbox following gender]]>
    </line>
    <line>
      <![CDATA[	Input : female]]>
    </line>
    <line>
      <![CDATA[	Status: Choosed female]]>
    </line>
    <line>
      <![CDATA[	Test - PASSED]]>
    </line>
    <line>
      <![CDATA[	Input : male]]>
    </line>
    <line>
      <![CDATA[	Status: Choosed male]]>
    </line>
    <line>
      <![CDATA[	Test - PASSED]]>
    </line>
    <line>
      <![CDATA[TEST NO : 32]]>
    </line>
    <line>
      <![CDATA[	Title: Click on Question icon preceeding Age ]]>
    </line>
    <line>
      <![CDATA[	Input: N/A]]>
    </line>
    <line>
      <![CDATA[	Status: Clicked on Question mark successfully]]>
    </line>
    <line>
      <![CDATA[	Status: Popup opened]]>
    </line>
    <line>
      <![CDATA[	Status: Popup closed successfully]]>
    </line>
    <line>
      <![CDATA[	Test - PASSED]]>
    </line>
    <line>
      <![CDATA[TEST NO : 33]]>
    </line>
    <line>
      <![CDATA[	Title: Click on Question mark icon preceeding age ]]>
    </line>
    <line>
      <![CDATA[	Input: 18]]>
    </line>
    <line>
      <![CDATA[	Status: Choosed 18 from dropdown ]]>
    </line>
    <line>
      <![CDATA[	Test - PASSED]]>
    </line>
    <line>
      <![CDATA[	Input: 19]]>
    </line>
    <line>
      <![CDATA[	Status: Choosed 19 from dropdown ]]>
    </line>
    <line>
      <![CDATA[	Test - PASSED]]>
    </line>
    <line>
      <![CDATA[	Input: 99]]>
    </line>
    <line>
      <![CDATA[	Status: Choosed 99 from dropdown ]]>
    </line>
    <line>
      <![CDATA[	Test - PASSED]]>
    </line>
    <line>
      <![CDATA[	Input: 100]]>
    </line>
    <line>
      <![CDATA[	Status: Choosed 100 from dropdown ]]>
    </line>
    <line>
      <![CDATA[	Test - PASSED]]>
    </line>
    <line>
      <![CDATA[	Input: 35]]>
    </line>
    <line>
      <![CDATA[	Status: Choosed 35 from dropdown ]]>
    </line>
    <line>
      <![CDATA[	Test - PASSED]]>
    </line>
    <line>
      <![CDATA[TEST NO : 34]]>
    </line>
    <line>
      <![CDATA[	Title: Click on Question icon preceeding Do You Smoke ]]>
    </line>
    <line>
      <![CDATA[	Input: N/A]]>
    </line>
    <line>
      <![CDATA[	Status: Clicked on Question mark successfully]]>
    </line>
    <line>
      <![CDATA[	Status: Popup opened]]>
    </line>
    <line>
      <![CDATA[	Status: Popup closed successfully]]>
    </line>
    <line>
      <![CDATA[	Test - PASSED]]>
    </line>
    <line>
      <![CDATA[TEST NO : 35]]>
    </line>
    <line>
      <![CDATA[	Title: Choose option for Smoke ]]>
    </line>
    <line>
      <![CDATA[	Input: N/A]]>
    </line>
    <line>
      <![CDATA[	Input : no]]>
    </line>
    <line>
      <![CDATA[	Status: Choosed no for Smoke]]>
    </line>
    <line>
      <![CDATA[	Test - PASSED]]>
    </line>
    <line>
      <![CDATA[	Input : yes]]>
    </line>
    <line>
      <![CDATA[	Status: Choosed yes for Smoke]]>
    </line>
    <line>
      <![CDATA[	Test - PASSED]]>
    </line>
    <line>
      <![CDATA[TEST NO : 36]]>
    </line>
    <line>
      <![CDATA[	Title: Click on Question icon preceeding Health ]]>
    </line>
    <line>
      <![CDATA[	Input: N/A]]>
    </line>
    <line>
      <![CDATA[	Status: Clicked on Question mark successfully]]>
    </line>
    <line>
      <![CDATA[	Status: Popup opened]]>
    </line>
    <line>
      <![CDATA[	Status: Popup closed successfully]]>
    </line>
    <line>
      <![CDATA[	Test - PASSED]]>
    </line>
    <line>
      <![CDATA[TEST NO : 37]]>
    </line>
    <line>
      <![CDATA[	Title: Click on dropdown arrow to choose Health ]]>
    </line>
    <line>
      <![CDATA[	Input: Excellent]]>
    </line>
    <line>
      <![CDATA[	Status: Choose Excellentfrom dropdown ]]>
    </line>
    <line>
      <![CDATA[	Test - PASSED]]>
    </line>
    <line>
      <![CDATA[	Input: Very Good]]>
    </line>
    <line>
      <![CDATA[	Status: Choose Very Goodfrom dropdown ]]>
    </line>
    <line>
      <![CDATA[	Test - PASSED]]>
    </line>
    <line>
      <![CDATA[	Input: Good]]>
    </line>
    <line>
      <![CDATA[	Status: Choose Goodfrom dropdown ]]>
    </line>
    <line>
      <![CDATA[	Test - PASSED]]>
    </line>
    <line>
      <![CDATA[	Input: Fair]]>
    </line>
    <line>
      <![CDATA[	Status: Choose Fairfrom dropdown ]]>
    </line>
    <line>
      <![CDATA[	Test - PASSED]]>
    </line>
    <line>
      <![CDATA[TEST NO : 38]]>
    </line>
    <line>
      <![CDATA[	Title: Input Invalid Name ]]>
    </line>
    <line>
      <![CDATA[	Input:_test]]>
    </line>
    <line>
      <![CDATA[	Status:  Should show Error messages like Enter lettersonly]]>
    </line>
    <line>
      <![CDATA[	Test - PASSED]]>
    </line>
    <line>
      <![CDATA[	Input:12test]]>
    </line>
    <line>
      <![CDATA[	Status:  Should show Error messages like Enter lettersonly]]>
    </line>
    <line>
      <![CDATA[	Test - PASSED]]>
    </line>
    <line>
      <![CDATA[	Input:12345]]>
    </line>
    <line>
      <![CDATA[	Status:  Should show Error messages like Enter lettersonly]]>
    </line>
    <line>
      <![CDATA[	Test - PASSED]]>
    </line>
    <line>
      <![CDATA[	Input:#$%@-]]>
    </line>
    <line>
      <![CDATA[	Status:  Should show Error messages like Enter lettersonly]]>
    </line>
    <line>
      <![CDATA[	Test - PASSED]]>
    </line>
    <line>
      <![CDATA[TEST NO : 39]]>
    </line>
    <line>
      <![CDATA[	Title: Input Valid Name ]]>
    </line>
    <line>
      <![CDATA[	Input:a]]>
    </line>
    <line>
      <![CDATA[	Status: Test PASSED - Name accepted]]>
    </line>
    <line>
      <![CDATA[	Input:suresh test]]>
    </line>
    <line>
      <![CDATA[	Status: Test PASSED - Name accepted]]>
    </line>
    <line>
      <![CDATA[TEST NO : 40]]>
    </line>
    <line>
      <![CDATA[	Title: Input Invalid Email ]]>
    </line>
    <line>
      <![CDATA[	Input:suresh@sureify]]>
    </line>
    <line>
      <![CDATA[	Status:  Should show Error messages like Invalid email]]>
    </line>
    <line>
      <![CDATA[	Test - PASSED]]>
    </line>
    <line>
      <![CDATA[	Input:sureshsureify.com]]>
    </line>
    <line>
      <![CDATA[	Status:  Should show Error messages like Invalid email]]>
    </line>
    <line>
      <![CDATA[	Test - PASSED]]>
    </line>
    <line>
      <![CDATA[	Input:suresh@sureifycom]]>
    </line>
    <line>
      <![CDATA[	Status:  Should show Error messages like Invalid email]]>
    </line>
    <line>
      <![CDATA[	Test - PASSED]]>
    </line>
    <line>
      <![CDATA[	Input:@suresh.com]]>
    </line>
    <line>
      <![CDATA[	Status:  Should show Error messages like Invalid email]]>
    </line>
    <line>
      <![CDATA[	Test - PASSED]]>
    </line>
    <line>
      <![CDATA[	Input:suresh]]>
    </line>
    <line>
      <![CDATA[	Status:  Should show Error messages like Invalid email]]>
    </line>
    <line>
      <![CDATA[	Test - PASSED]]>
    </line>
    <line>
      <![CDATA[TEST NO : 41]]>
    </line>
    <line>
      <![CDATA[	Input:s@s.c]]>
    </line>
    <line>
      <![CDATA[	Status: Test PASSED - Email Accepted]]>
    </line>
    <line>
      <![CDATA[	Input:s@s.c.in]]>
    </line>
    <line>
      <![CDATA[	Status: Test PASSED - Email Accepted]]>
    </line>
    <line>
      <![CDATA[	Input:suresh@sureify.com]]>
    </line>
    <line>
      <![CDATA[	Status: Test PASSED - Email Accepted]]>
    </line>
    <line>
      <![CDATA[TEST NO : 42]]>
    </line>
    <line>
      <![CDATA[	Title: Click Captcha ]]>
    </line>
    <line>
      <![CDATA[	Status: Complete Captcha]]>
    </line>
    <line>
      <![CDATA[	Test - PASSED]]>
    </line>
    <line>
      <![CDATA[TEST NO : 43]]>
    </line>
    <line>
      <![CDATA[	Title: Click on Get Quote Button ]]>
    </line>
    <line>
      <![CDATA[	Input: N/A ]]>
    </line>
    <line>
      <![CDATA[	Title: Check the user is existed or new ]]>
    </line>
    <line>
      <![CDATA[	Status:  Clicked on Get Quote Button]]>
    </line>
    <line>
      <![CDATA[	Test - PASSED]]>
    </line>
    <line>
      <![CDATA[TEST NO : 44]]>
    </line>
    <line>
      <![CDATA[	Title : Check Premium and Duration in Basic Info and Quote page]]>
    </line>
    <line>
      <![CDATA[	Status : Passed :: Premium in InfoPage :1000000 ,Quote Page :1,000,000]]>
    </line>
    <line>
      <![CDATA[	Status : Passed :: Duration in InfoPage :30 ,Quote Page :30]]>
    </line>
    <line>
      <![CDATA[TEST NO : 45]]>
    </line>
    <line>
      <![CDATA[	Title : Check Fitbit Devices display]]>
    </line>
    <line>
      <![CDATA[	Status : Passed :: Fitbit device image displayed]]>
    </line>
    <line>
      <![CDATA[TEST NO : 46]]>
    </line>
    <line>
      <![CDATA[	Title : Click ? of the Coverage Amount]]>
    </line>
    <line>
      <![CDATA[	Status : Passed :: PopUp displayed]]>
    </line>
    <line>
      <![CDATA[TEST NO : 47]]>
    </line>
    <line>
      <![CDATA[	Title : Click ? of the Coverage Duration]]>
    </line>
    <line>
      <![CDATA[	Status : Passed :: PopUp displayed]]>
    </line>
    <line>
      <![CDATA[TEST NO : 48]]>
    </line>
    <line>
      <![CDATA[	Title : Click ? of the Price]]>
    </line>
    <line>
      <![CDATA[	Status : Passed :: PopUp displayed]]>
    </line>
    <line>
      <![CDATA[TEST NO : 49]]>
    </line>
    <line>
      <![CDATA[
	Title: Move Coverage Amount Slider to $250,000]]>
    </line>
    <line>
      <![CDATA[	Status: Failed::Slider Not moved to $250,000 Expected :1,000,000]]>
    </line>
    <line>
      <![CDATA[
	Title: Move Coverage Amount Slider to $500,000]]>
    </line>
    <line>
      <![CDATA[	Status: Passed::Slider moved to $500,000]]>
    </line>
    <line>
      <![CDATA[	Title: Move Coverage Duration Slider to 10 years]]>
    </line>
    <line>
      <![CDATA[	Status: Passsed :: Slider moved to 10 years]]>
    </line>
    <line>
      <![CDATA[	Title: Check Mothly premiun ]]>
    </line>
    <line>
      <![CDATA[	Status: Passed :: Mothly premiun 87.32]]>
    </line>
    <line>
      <![CDATA[	Title: Check Mothly premiun ]]>
    </line>
    <line>
      <![CDATA[	Status: Passed :: Yearly premiun 1047.84]]>
    </line>
    <line>
      <![CDATA[	Title: Move Coverage Duration Slider to 11 years]]>
    </line>
    <line>
      <![CDATA[	Status: Passsed :: Slider moved to 11 years]]>
    </line>
    <line>
      <![CDATA[	Title: Check Mothly premiun ]]>
    </line>
    <line>
      <![CDATA[	Status: Passed :: Mothly premiun 88.91]]>
    </line>
    <line>
      <![CDATA[	Title: Check Mothly premiun ]]>
    </line>
    <line>
      <![CDATA[	Status: Passed :: Yearly premiun 1066.92]]>
    </line>
    <line>
      <![CDATA[	Title: Move Coverage Duration Slider to 21 years]]>
    </line>
    <line>
      <![CDATA[	Status: Passsed :: Slider moved to 21 years]]>
    </line>
    <line>
      <![CDATA[	Title: Check Mothly premiun ]]>
    </line>
    <line>
      <![CDATA[	Status: Passed :: Mothly premiun 91.29]]>
    </line>
    <line>
      <![CDATA[	Title: Check Mothly premiun ]]>
    </line>
    <line>
      <![CDATA[	Status: Passed :: Yearly premiun 1095.48]]>
    </line>
    <line>
      <![CDATA[
	Title: Move Coverage Amount Slider to $750,000]]>
    </line>
    <line>
      <![CDATA[	Status: Passed::Slider moved to $750,000]]>
    </line>
    <line>
      <![CDATA[	Title: Move Coverage Duration Slider to 10 years]]>
    </line>
    <line>
      <![CDATA[	Status: Passsed :: Slider moved to 10 years]]>
    </line>
    <line>
      <![CDATA[	Title: Check Mothly premiun ]]>
    </line>
    <line>
      <![CDATA[	Status: Passed :: Mothly premiun 139.71]]>
    </line>
    <line>
      <![CDATA[	Title: Check Mothly premiun ]]>
    </line>
    <line>
      <![CDATA[	Status: Passed :: Yearly premiun 1676.52]]>
    </line>
    <line>
      <![CDATA[	Title: Move Coverage Duration Slider to 11 years]]>
    </line>
    <line>
      <![CDATA[	Status: Passsed :: Slider moved to 11 years]]>
    </line>
    <line>
      <![CDATA[	Title: Check Mothly premiun ]]>
    </line>
    <line>
      <![CDATA[	Status: Passed :: Mothly premiun 142.25]]>
    </line>
    <line>
      <![CDATA[	Title: Check Mothly premiun ]]>
    </line>
    <line>
      <![CDATA[	Status: Passed :: Yearly premiun 1707.0]]>
    </line>
    <line>
      <![CDATA[	Title: Move Coverage Duration Slider to 21 years]]>
    </line>
    <line>
      <![CDATA[	Status: Passsed :: Slider moved to 21 years]]>
    </line>
    <line>
      <![CDATA[	Title: Check Mothly premiun ]]>
    </line>
    <line>
      <![CDATA[	Status: Passed :: Mothly premiun 146.06]]>
    </line>
    <line>
      <![CDATA[	Title: Check Mothly premiun ]]>
    </line>
    <line>
      <![CDATA[	Status: Passed :: Yearly premiun 1752.72]]>
    </line>
    <line>
      <![CDATA[
	Title: Move Coverage Amount Slider to $1,000,000]]>
    </line>
    <line>
      <![CDATA[	Status: Passed::Slider moved to $1,000,000]]>
    </line>
    <line>
      <![CDATA[	Title: Move Coverage Duration Slider to 10 years]]>
    </line>
    <line>
      <![CDATA[	Status: Passsed :: Slider moved to 10 years]]>
    </line>
    <line>
      <![CDATA[	Title: Check Mothly premiun ]]>
    </line>
    <line>
      <![CDATA[	Status: Passed :: Mothly premiun 218.3]]>
    </line>
    <line>
      <![CDATA[	Title: Check Mothly premiun ]]>
    </line>
    <line>
      <![CDATA[	Status: Passed :: Yearly premiun 2619.6]]>
    </line>
    <line>
      <![CDATA[	Title: Move Coverage Duration Slider to 11 years]]>
    </line>
    <line>
      <![CDATA[	Status: Passsed :: Slider moved to 11 years]]>
    </line>
    <line>
      <![CDATA[	Title: Check Mothly premiun ]]>
    </line>
    <line>
      <![CDATA[	Status: Passed :: Mothly premiun 222.26]]>
    </line>
    <line>
      <![CDATA[	Title: Check Mothly premiun ]]>
    </line>
    <line>
      <![CDATA[	Status: Passed :: Yearly premiun 2667.12]]>
    </line>
    <line>
      <![CDATA[	Title: Move Coverage Duration Slider to 21 years]]>
    </line>
    <line>
      <![CDATA[	Status: Passsed :: Slider moved to 21 years]]>
    </line>
    <line>
      <![CDATA[	Title: Check Mothly premiun ]]>
    </line>
    <line>
      <![CDATA[	Status: Passed :: Mothly premiun 228.22]]>
    </line>
    <line>
      <![CDATA[	Title: Check Mothly premiun ]]>
    </line>
    <line>
      <![CDATA[	Status: Passed :: Yearly premiun 2738.64]]>
    </line>
    <line>
      <![CDATA[TEST NO : 50]]>
    </line>
    <line>
      <![CDATA[	Title: Click on Confirm&Apply Button ]]>
    </line>
    <line>
      <![CDATA[	Input: N/A ]]>
    </line>
    <line>
      <![CDATA[	Status: Passed :: Clicked on Confirm&Apply Button]]>
    </line>
    <line>
      <![CDATA[TEST NO : 51]]>
    </line>
    <line>
      <![CDATA[	Title : Check new monthly premium  ]]>
    </line>
    <line>
      <![CDATA[	Status:: Passed Quote Page :228.22 ,Apply Page :228.22]]>
    </line>
    <line>
      <![CDATA[TEST NO : 52]]>
    </line>
    <line>
      <![CDATA[	Title : Check new yearly premium  ]]>
    </line>
    <line>
      <![CDATA[	Status:: Passed Quote Page :2738.64 ,Apply Page :2738.64]]>
    </line>
    <line>
      <![CDATA[TEST NO : 53]]>
    </line>
    <line>
      <![CDATA[	Title : Check new coverage amount  ]]>
    </line>
    <line>
      <![CDATA[	Status:: Passed Quote Page :1,000,000 ,Apply Page :1,000,000]]>
    </line>
    <line>
      <![CDATA[TEST NO : 54]]>
    </line>
    <line>
      <![CDATA[	Title : Check new Duration  ]]>
    </line>
    <line>
      <![CDATA[	Status:: Passed Quote Page :21 ,Apply Page :21]]>
    </line>
    <line>
      <![CDATA[TEST NO : 55]]>
    </line>
    <line>
      <![CDATA[	Title: Click on Basic Info Button ]]>
    </line>
    <line>
      <![CDATA[	Input: N/A ]]>
    </line>
    <line>
      <![CDATA[	Status::Passed Clicked on Basic Info Button]]>
    </line>
    <line>
      <![CDATA[	Status::Passed to Moved  Basic Info]]>
    </line>
    <line>
      <![CDATA[	Title: Click on Get Quote Button ]]>
    </line>
    <line>
      <![CDATA[	Input: N/A ]]>
    </line>
    <line>
      <![CDATA[	Status::Passed  Clicked on Get Quote Button]]>
    </line>
    <line>
      <![CDATA[	Title: Click on Confirm&Apply Button ]]>
    </line>
    <line>
      <![CDATA[	Input: N/A ]]>
    </line>
    <line>
      <![CDATA[	Status::Passed  Clicked on Confirm&Apply Button]]>
    </line>
    <line>
      <![CDATA[TEST NO : 56]]>
    </line>
    <line>
      <![CDATA[	Title: Click on Get Quote Info Button ]]>
    </line>
    <line>
      <![CDATA[	Input: N/A ]]>
    </line>
    <line>
      <![CDATA[	Status:Passed Clicked on Basic Info Button]]>
    </line>
    <line>
      <![CDATA[	Status::Passed to Moved Quote Info]]>
    </line>
    <line>
      <![CDATA[	Title: Click on Confirm&Apply Button ]]>
    </line>
    <line>
      <![CDATA[	Input: N/A ]]>
    </line>
    <line>
      <![CDATA[	Status::Passed  Clicked on Confirm&Apply Button]]>
    </line>
    <line>
      <![CDATA[TEST NO : 57]]>
    </line>
    <line>
      <![CDATA[	Title To check Fitbit devices Visible]]>
    </line>
    <line>
      <![CDATA[	Status::Passed Devices is displayed]]>
    </line>
    <line>
      <![CDATA[TEST NO : 58]]>
    </line>
    <line>
      <![CDATA[	Title: Click on Apply Button ]]>
    </line>
    <line>
      <![CDATA[	Input: N/A ]]>
    </line>
    <line>
      <![CDATA[	Status::Passed  Clicked on Confirm Button]]>
    </line>
    <line>
      <![CDATA[TEST NO : 59]]>
    </line>
    <line>
      <![CDATA[	Title check  or not]]>
    </line>
    <line>
      <![CDATA[	Status::Passed Email Verification Required displayed]]>
    </line>
    <line>
      <![CDATA[TEST NO : 60]]>
    </line>
    <line>
      <![CDATA[	Title check Resend button displayed or not]]>
    </line>
    <line>
      <![CDATA[	Status::Passed Resend button displyed]]>
    </line>
    <line>
      <![CDATA[TEST NO : 61]]>
    </line>
    <line>
      <![CDATA[	Title Lanch Gamil]]>
    </line>
    <line>
      <![CDATA[	Status::Passed lanch Mail]]>
    </line>
    <line>
      <![CDATA[TEST NO : 62]]>
    </line>
    <line>
      <![CDATA[	Title Login into Gmail]]>
    </line>
    <line>
      <![CDATA[	Status::Passed valid User Name :suresh@sureify.com]]>
    </line>
    <line>
      <![CDATA[	Status::Passed valid Password :suresh@sureify]]>
    </line>
    <line>
      <![CDATA[TEST NO : 63]]>
    </line>
    <line>
      <![CDATA[	Title Click link redirect to AppProcessCreateAcount Page]]>
    </line>
    <line>
      <![CDATA[	Status::Passed Controller redirect to Appprocess]]>
    </line>
    <line>
      <![CDATA[TEST NO : 64]]>
    </line>
    <line>
      <![CDATA[	Create instance for Create Account]]>
    </line>
    <line>
      <![CDATA[TEST NO : 65]]>
    </line>
    <line>
      <![CDATA[	Title Check Name field filled with Username given name or Not]]>
    </line>
    <line>
      <![CDATA[	Status ::Passed Name matched]]>
    </line>
    <line>
      <![CDATA[TEST NO : 66]]>
    </line>
    <line>
      <![CDATA[	Title Check Email Address field filled with Username given Email or Not ]]>
    </line>
    <line>
      <![CDATA[	Status ::Passed Email matched]]>
    </line>
    <line>
      <![CDATA[TEST NO : 67]]>
    </line>
    <line>
      <![CDATA[	Title: Enter Invalid data for Password]]>
    </line>
    <line>
      <![CDATA[	Input : Vendus@jk]]>
    </line>
    <line>
      <![CDATA[	Status ::Passed]]>
    </line>
    <line>
      <![CDATA[	Input : vendus@12]]>
    </line>
    <line>
      <![CDATA[	Status ::Passed]]>
    </line>
    <line>
      <![CDATA[	Input : Vendus123]]>
    </line>
    <line>
      <![CDATA[	Status ::Passed]]>
    </line>
    <line>
      <![CDATA[	Input : 1234567@]]>
    </line>
    <line>
      <![CDATA[	Status ::Passed]]>
    </line>
    <line>
      <![CDATA[	Input : Vend@12]]>
    </line>
    <line>
      <![CDATA[	Status ::Passed]]>
    </line>
    <line>
      <![CDATA[	Input :       ]]>
    </line>
    <line>
      <![CDATA[	Status ::Passed]]>
    </line>
    <line>
      <![CDATA[TEST NO : 68]]>
    </line>
    <line>
      <![CDATA[	Title: Enter Valid data for Password]]>
    </line>
    <line>
      <![CDATA[	Input : Vendus@123]]>
    </line>
    <line>
      <![CDATA[	Status ::Passed]]>
    </line>
    <line>
      <![CDATA[TEST NO : 69]]>
    </line>
    <line>
      <![CDATA[	Title: Enter InValid data for Confirm Password]]>
    </line>
    <line>
      <![CDATA[	Input : Vendus@jk]]>
    </line>
    <line>
      <![CDATA[	Status ::Passed]]>
    </line>
    <line>
      <![CDATA[	Input : vendus@12]]>
    </line>
    <line>
      <![CDATA[	Status ::Passed]]>
    </line>
    <line>
      <![CDATA[	Input : Vendus123]]>
    </line>
    <line>
      <![CDATA[	Status ::Passed]]>
    </line>
    <line>
      <![CDATA[	Input : 1234567@]]>
    </line>
    <line>
      <![CDATA[	Status ::Passed]]>
    </line>
    <line>
      <![CDATA[	Input : Vend@12]]>
    </line>
    <line>
      <![CDATA[	Status ::Passed]]>
    </line>
    <line>
      <![CDATA[	Input :       ]]>
    </line>
    <line>
      <![CDATA[	Status ::Passed]]>
    </line>
    <line>
      <![CDATA[TEST NO : 70]]>
    </line>
    <line>
      <![CDATA[	Title: Enter Valid data for Confirm Password]]>
    </line>
    <line>
      <![CDATA[	Status ::Passed]]>
    </line>
    <line>
      <![CDATA[TEST NO : 71]]>
    </line>
    <line>
      <![CDATA[	Title : Click Show and Hide Password link]]>
    </line>
    <line>
      <![CDATA[	Input : Click Show Password]]>
    </line>
    <line>
      <![CDATA[	Status ::Passed show password]]>
    </line>
    <line>
      <![CDATA[	Input : Click Hide Password ]]>
    </line>
    <line>
      <![CDATA[	Status ::Passed hide password]]>
    </line>
    <line>
      <![CDATA[TEST NO : 72]]>
    </line>
    <line>
      <![CDATA[	Title click capcha]]>
    </line>
    <line>
      <![CDATA[TEST NO : 73]]>
    </line>
    <line>
      <![CDATA[	Title click to CREATE button]]>
    </line>
  </reporter-output>
  <suite name="WebApp" duration-ms="1197584" started-at="2016-11-18T06:01:02Z" finished-at="2016-11-18T06:21:00Z">
    <groups>
      <group name="regressiontest">
        <method signature="WebApp.setUp(java.lang.String, java.lang.String)[pri:0, instance:com.sureifylife.WebApp@20e2cbe0]" name="setUp" class="com.sureifylife.WebApp"/>
        <method signature="WebApp.lanchApp()[pri:0, instance:com.sureifylife.WebApp@20e2cbe0]" name="lanchApp" class="com.sureifylife.WebApp"/>
        <method signature="WebApp.blog()[pri:19, instance:com.sureifylife.WebApp@20e2cbe0]" name="blog" class="com.sureifylife.WebApp"/>
        <method signature="WebApp.blogo()[pri:20, instance:com.sureifylife.WebApp@20e2cbe0]" name="blogo" class="com.sureifylife.WebApp"/>
        <method signature="WebApp.clogo()[pri:13, instance:com.sureifylife.WebApp@20e2cbe0]" name="clogo" class="com.sureifylife.WebApp"/>
        <method signature="WebApp.devices()[pri:14, instance:com.sureifylife.WebApp@20e2cbe0]" name="devices" class="com.sureifylife.WebApp"/>
        <method signature="WebApp.dlogo()[pri:18, instance:com.sureifylife.WebApp@20e2cbe0]" name="dlogo" class="com.sureifylife.WebApp"/>
        <method signature="WebApp.getAquote_Devices()[pri:16, instance:com.sureifylife.WebApp@20e2cbe0]" name="getAquote_Devices" class="com.sureifylife.WebApp"/>
        <method signature="WebApp.getAquote_Savings()[pri:10, instance:com.sureifylife.WebApp@20e2cbe0]" name="getAquote_Savings" class="com.sureifylife.WebApp"/>
        <method signature="WebApp.getQuotebutton2()[pri:21, instance:com.sureifylife.WebApp@20e2cbe0]" name="getQuotebutton2" class="com.sureifylife.WebApp"/>
        <method signature="WebApp.BasicInfo()[pri:22, instance:com.sureifylife.WebApp@20e2cbe0]" name="BasicInfo" class="com.sureifylife.WebApp"/>
        <method signature="WebApp.ageInfo()[pri:32, instance:com.sureifylife.WebApp@20e2cbe0]" name="ageInfo" class="com.sureifylife.WebApp"/>
        <method signature="WebApp.chooseAge()[pri:33, instance:com.sureifylife.WebApp@20e2cbe0]" name="chooseAge" class="com.sureifylife.WebApp"/>
        <method signature="WebApp.chooseDuration()[pri:29, instance:com.sureifylife.WebApp@20e2cbe0]" name="chooseDuration" class="com.sureifylife.WebApp"/>
        <method signature="WebApp.chooseFaceAmount()[pri:27, instance:com.sureifylife.WebApp@20e2cbe0]" name="chooseFaceAmount" class="com.sureifylife.WebApp"/>
        <method signature="WebApp.chooseGender()[pri:31, instance:com.sureifylife.WebApp@20e2cbe0]" name="chooseGender" class="com.sureifylife.WebApp"/>
        <method signature="WebApp.chooseHealth()[pri:37, instance:com.sureifylife.WebApp@20e2cbe0]" name="chooseHealth" class="com.sureifylife.WebApp"/>
        <method signature="WebApp.chooseSmoke()[pri:35, instance:com.sureifylife.WebApp@20e2cbe0]" name="chooseSmoke" class="com.sureifylife.WebApp"/>
        <method signature="WebApp.durationInfo()[pri:28, instance:com.sureifylife.WebApp@20e2cbe0]" name="durationInfo" class="com.sureifylife.WebApp"/>
        <method signature="WebApp.faceAmountInfo()[pri:26, instance:com.sureifylife.WebApp@20e2cbe0]" name="faceAmountInfo" class="com.sureifylife.WebApp"/>
        <method signature="WebApp.genderInfo()[pri:30, instance:com.sureifylife.WebApp@20e2cbe0]" name="genderInfo" class="com.sureifylife.WebApp"/>
        <method signature="WebApp.getCaptcha()[pri:42, instance:com.sureifylife.WebApp@20e2cbe0]" name="getCaptcha" class="com.sureifylife.WebApp"/>
        <method signature="WebApp.getRate()[pri:5, instance:com.sureifylife.WebApp@20e2cbe0]" name="getRate" class="com.sureifylife.WebApp"/>
        <method signature="WebApp.getStarted()[pri:6, instance:com.sureifylife.WebApp@20e2cbe0]" name="getStarted" class="com.sureifylife.WebApp"/>
        <method signature="WebApp.getaQuote()[pri:7, instance:com.sureifylife.WebApp@20e2cbe0]" name="getaQuote" class="com.sureifylife.WebApp"/>
        <method signature="WebApp.getquoteButton()[pri:43, instance:com.sureifylife.WebApp@20e2cbe0]" name="getquoteButton" class="com.sureifylife.WebApp"/>
        <method signature="WebApp.checkFitBitDevices()[pri:45, instance:com.sureifylife.WebApp@20e2cbe0]" name="checkFitBitDevices" class="com.sureifylife.WebApp"/>
        <method signature="WebApp.clickCvrgAmountQst()[pri:46, instance:com.sureifylife.WebApp@20e2cbe0]" name="clickCvrgAmountQst" class="com.sureifylife.WebApp"/>
        <method signature="WebApp.clickCvrgDurationQst()[pri:47, instance:com.sureifylife.WebApp@20e2cbe0]" name="clickCvrgDurationQst" class="com.sureifylife.WebApp"/>
        <method signature="WebApp.clickPriceQst()[pri:48, instance:com.sureifylife.WebApp@20e2cbe0]" name="clickPriceQst" class="com.sureifylife.WebApp"/>
        <method signature="WebApp.confirmApply()[pri:50, instance:com.sureifylife.WebApp@20e2cbe0]" name="confirmApply" class="com.sureifylife.WebApp"/>
        <method signature="WebApp.CBasicinfo()[pri:55, instance:com.sureifylife.WebApp@20e2cbe0]" name="CBasicinfo" class="com.sureifylife.WebApp"/>
        <method signature="WebApp.bannerText()[pri:59, instance:com.sureifylife.WebApp@20e2cbe0]" name="bannerText" class="com.sureifylife.WebApp"/>
        <method signature="WebApp.buyNow()[pri:58, instance:com.sureifylife.WebApp@20e2cbe0]" name="buyNow" class="com.sureifylife.WebApp"/>
        <method signature="WebApp.checkFitbitDeviceVisible()[pri:57, instance:com.sureifylife.WebApp@20e2cbe0]" name="checkFitbitDeviceVisible" class="com.sureifylife.WebApp"/>
        <method signature="WebApp.checkNewCoverageAmount()[pri:53, instance:com.sureifylife.WebApp@20e2cbe0]" name="checkNewCoverageAmount" class="com.sureifylife.WebApp"/>
        <method signature="WebApp.checkNewDuration()[pri:54, instance:com.sureifylife.WebApp@20e2cbe0]" name="checkNewDuration" class="com.sureifylife.WebApp"/>
        <method signature="WebApp.checkNewMonthlyPremium()[pri:51, instance:com.sureifylife.WebApp@20e2cbe0]" name="checkNewMonthlyPremium" class="com.sureifylife.WebApp"/>
        <method signature="WebApp.checkNewYearlyPremium()[pri:52, instance:com.sureifylife.WebApp@20e2cbe0]" name="checkNewYearlyPremium" class="com.sureifylife.WebApp"/>
        <method signature="WebApp.checkResend_link_btn()[pri:60, instance:com.sureifylife.WebApp@20e2cbe0]" name="checkResend_link_btn" class="com.sureifylife.WebApp"/>
        <method signature="WebApp.getQuoteInfo()[pri:56, instance:com.sureifylife.WebApp@20e2cbe0]" name="getQuoteInfo" class="com.sureifylife.WebApp"/>
        <method signature="WebApp.healthInfo()[pri:36, instance:com.sureifylife.WebApp@20e2cbe0]" name="healthInfo" class="com.sureifylife.WebApp"/>
        <method signature="WebApp.invalidEmail()[pri:40, instance:com.sureifylife.WebApp@20e2cbe0]" name="invalidEmail" class="com.sureifylife.WebApp"/>
        <method signature="WebApp.invalidName()[pri:38, instance:com.sureifylife.WebApp@20e2cbe0]" name="invalidName" class="com.sureifylife.WebApp"/>
        <method signature="WebApp.invalidzipcode()[pri:24, instance:com.sureifylife.WebApp@20e2cbe0]" name="invalidzipcode" class="com.sureifylife.WebApp"/>
        <method signature="WebApp.lanchGmail()[pri:61, instance:com.sureifylife.WebApp@20e2cbe0]" name="lanchGmail" class="com.sureifylife.WebApp"/>
        <method signature="WebApp.learnMore()[pri:2, instance:com.sureifylife.WebApp@20e2cbe0]" name="learnMore" class="com.sureifylife.WebApp"/>
        <method signature="WebApp.learnMore_Devices()[pri:15, instance:com.sureifylife.WebApp@20e2cbe0]" name="learnMore_Devices" class="com.sureifylife.WebApp"/>
        <method signature="WebApp.learnMore_Savings()[pri:9, instance:com.sureifylife.WebApp@20e2cbe0]" name="learnMore_Savings" class="com.sureifylife.WebApp"/>
        <method signature="WebApp.lifeInsurance()[pri:1, instance:com.sureifylife.WebApp@20e2cbe0]" name="lifeInsurance" class="com.sureifylife.WebApp"/>
        <method signature="WebApp.mailLogin(java.lang.String, java.lang.String)[pri:62, instance:com.sureifylife.WebApp@20e2cbe0]" name="mailLogin" class="com.sureifylife.WebApp"/>
        <method signature="WebApp.clickLink()[pri:63, instance:com.sureifylife.WebApp@20e2cbe0]" name="clickLink" class="com.sureifylife.WebApp"/>
        <method signature="WebApp.createAccountInstance()[pri:64, instance:com.sureifylife.WebApp@20e2cbe0]" name="createAccountInstance" class="com.sureifylife.WebApp"/>
        <method signature="WebApp.captcha()[pri:72, instance:com.sureifylife.WebApp@20e2cbe0]" name="captcha" class="com.sureifylife.WebApp"/>
        <method signature="WebApp.clickCreat()[pri:73, instance:com.sureifylife.WebApp@20e2cbe0]" name="clickCreat" class="com.sureifylife.WebApp"/>
        <method signature="WebApp.invalidConfirmPasswordData()[pri:69, instance:com.sureifylife.WebApp@20e2cbe0]" name="invalidConfirmPasswordData" class="com.sureifylife.WebApp"/>
        <method signature="WebApp.invalidPasswordData()[pri:67, instance:com.sureifylife.WebApp@20e2cbe0]" name="invalidPasswordData" class="com.sureifylife.WebApp"/>
        <method signature="WebApp.personalInfo()[pri:74, instance:com.sureifylife.WebApp@20e2cbe0]" name="personalInfo" class="com.sureifylife.WebApp"/>
        <method signature="WebApp.InvalidWeight()[pri:84, instance:com.sureifylife.WebApp@20e2cbe0]" name="InvalidWeight" class="com.sureifylife.WebApp"/>
        <method signature="WebApp.choosGender()[pri:82, instance:com.sureifylife.WebApp@20e2cbe0]" name="choosGender" class="com.sureifylife.WebApp"/>
        <method signature="WebApp.chooseBirth()[pri:81, instance:com.sureifylife.WebApp@20e2cbe0]" name="chooseBirth" class="com.sureifylife.WebApp"/>
        <method signature="WebApp.clickNextInPersonalINfo()[pri:111, instance:com.sureifylife.WebApp@20e2cbe0]" name="clickNextInPersonalINfo" class="com.sureifylife.WebApp"/>
        <method signature="WebApp.BeneficiaryInfo()[pri:112, instance:com.sureifylife.WebApp@20e2cbe0]" name="BeneficiaryInfo" class="com.sureifylife.WebApp"/>
        <method signature="WebApp.InvalidPrimaryBenfPer()[pri:120, instance:com.sureifylife.WebApp@20e2cbe0]" name="InvalidPrimaryBenfPer" class="com.sureifylife.WebApp"/>
        <method signature="WebApp.InvalidPrimaryRelationName()[pri:115, instance:com.sureifylife.WebApp@20e2cbe0]" name="InvalidPrimaryRelationName" class="com.sureifylife.WebApp"/>
        <method signature="WebApp.addContingentBenficiary()[pri:126, instance:com.sureifylife.WebApp@20e2cbe0]" name="addContingentBenficiary" class="com.sureifylife.WebApp"/>
        <method signature="WebApp.addPercentageContingentBenf()[pri:127, instance:com.sureifylife.WebApp@20e2cbe0]" name="addPercentageContingentBenf" class="com.sureifylife.WebApp"/>
        <method signature="WebApp.addPercentagePrimaryBenf()[pri:118, instance:com.sureifylife.WebApp@20e2cbe0]" name="addPercentagePrimaryBenf" class="com.sureifylife.WebApp"/>
        <method signature="WebApp.addPrimaryBenficiary()[pri:117, instance:com.sureifylife.WebApp@20e2cbe0]" name="addPrimaryBenficiary" class="com.sureifylife.WebApp"/>
        <method signature="WebApp.driverState()[pri:106, instance:com.sureifylife.WebApp@20e2cbe0]" name="driverState" class="com.sureifylife.WebApp"/>
        <method signature="WebApp.enterAddress2()[pri:92, instance:com.sureifylife.WebApp@20e2cbe0]" name="enterAddress2" class="com.sureifylife.WebApp"/>
        <method signature="WebApp.inValidCity()[pri:93, instance:com.sureifylife.WebApp@20e2cbe0]" name="inValidCity" class="com.sureifylife.WebApp"/>
        <method signature="WebApp.inavalidAddress1()[pri:90, instance:com.sureifylife.WebApp@20e2cbe0]" name="inavalidAddress1" class="com.sureifylife.WebApp"/>
        <method signature="WebApp.invalidCellNumber()[pri:98, instance:com.sureifylife.WebApp@20e2cbe0]" name="invalidCellNumber" class="com.sureifylife.WebApp"/>
        <method signature="WebApp.invalidContingentBenfName()[pri:122, instance:com.sureifylife.WebApp@20e2cbe0]" name="invalidContingentBenfName" class="com.sureifylife.WebApp"/>
        <method signature="WebApp.invalidContingentBenfPer()[pri:129, instance:com.sureifylife.WebApp@20e2cbe0]" name="invalidContingentBenfPer" class="com.sureifylife.WebApp"/>
        <method signature="WebApp.invalidContingentRelationName()[pri:124, instance:com.sureifylife.WebApp@20e2cbe0]" name="invalidContingentRelationName" class="com.sureifylife.WebApp"/>
        <method signature="WebApp.invalidFirstName()[pri:75, instance:com.sureifylife.WebApp@20e2cbe0]" name="invalidFirstName" class="com.sureifylife.WebApp"/>
        <method signature="WebApp.invalidHomeNumber()[pri:102, instance:com.sureifylife.WebApp@20e2cbe0]" name="invalidHomeNumber" class="com.sureifylife.WebApp"/>
        <method signature="WebApp.invalidLastName()[pri:79, instance:com.sureifylife.WebApp@20e2cbe0]" name="invalidLastName" class="com.sureifylife.WebApp"/>
        <method signature="WebApp.invalidLicenseNumber()[pri:104, instance:com.sureifylife.WebApp@20e2cbe0]" name="invalidLicenseNumber" class="com.sureifylife.WebApp"/>
        <method signature="WebApp.invalidMiddleName()[pri:77, instance:com.sureifylife.WebApp@20e2cbe0]" name="invalidMiddleName" class="com.sureifylife.WebApp"/>
        <method signature="WebApp.invalidOccupation()[pri:107, instance:com.sureifylife.WebApp@20e2cbe0]" name="invalidOccupation" class="com.sureifylife.WebApp"/>
        <method signature="WebApp.invalidPrimaryBenName()[pri:113, instance:com.sureifylife.WebApp@20e2cbe0]" name="invalidPrimaryBenName" class="com.sureifylife.WebApp"/>
        <method signature="WebApp.invalidSSN()[pri:86, instance:com.sureifylife.WebApp@20e2cbe0]" name="invalidSSN" class="com.sureifylife.WebApp"/>
        <method signature="WebApp.invalidWorkNumber()[pri:100, instance:com.sureifylife.WebApp@20e2cbe0]" name="invalidWorkNumber" class="com.sureifylife.WebApp"/>
        <method signature="WebApp.invalidWorkZip()[pri:109, instance:com.sureifylife.WebApp@20e2cbe0]" name="invalidWorkZip" class="com.sureifylife.WebApp"/>
        <method signature="WebApp.invalidZipCode()[pri:96, instance:com.sureifylife.WebApp@20e2cbe0]" name="invalidZipCode" class="com.sureifylife.WebApp"/>
        <method signature="WebApp.next()[pri:131, instance:com.sureifylife.WebApp@20e2cbe0]" name="next" class="com.sureifylife.WebApp"/>
        <method signature="WebApp.notInUs()[pri:88, instance:com.sureifylife.WebApp@20e2cbe0]" name="notInUs" class="com.sureifylife.WebApp"/>
        <method signature="WebApp.ownershipInfo()[pri:132, instance:com.sureifylife.WebApp@20e2cbe0]" name="ownershipInfo" class="com.sureifylife.WebApp"/>
        <method signature="WebApp.planComparision_Savings()[pri:12, instance:com.sureifylife.WebApp@20e2cbe0]" name="planComparision_Savings" class="com.sureifylife.WebApp"/>
        <method signature="WebApp.pro_Savings()[pri:11, instance:com.sureifylife.WebApp@20e2cbe0]" name="pro_Savings" class="com.sureifylife.WebApp"/>
        <method signature="WebApp.pro_devices()[pri:17, instance:com.sureifylife.WebApp@20e2cbe0]" name="pro_devices" class="com.sureifylife.WebApp"/>
        <method signature="WebApp.removeContingentBenficiary()[pri:128, instance:com.sureifylife.WebApp@20e2cbe0]" name="removeContingentBenficiary" class="com.sureifylife.WebApp"/>
        <method signature="WebApp.removePrimaryBenficiary()[pri:119, instance:com.sureifylife.WebApp@20e2cbe0]" name="removePrimaryBenficiary" class="com.sureifylife.WebApp"/>
        <method signature="WebApp.savings()[pri:8, instance:com.sureifylife.WebApp@20e2cbe0]" name="savings" class="com.sureifylife.WebApp"/>
        <method signature="WebApp.selectHeight()[pri:83, instance:com.sureifylife.WebApp@20e2cbe0]" name="selectHeight" class="com.sureifylife.WebApp"/>
        <method signature="WebApp.selectQuote()[pri:49, instance:com.sureifylife.WebApp@20e2cbe0]" name="selectQuote" class="com.sureifylife.WebApp"/>
        <method signature="WebApp.selectState()[pri:89, instance:com.sureifylife.WebApp@20e2cbe0]" name="selectState" class="com.sureifylife.WebApp"/>
        <method signature="WebApp.selectUserState()[pri:95, instance:com.sureifylife.WebApp@20e2cbe0]" name="selectUserState" class="com.sureifylife.WebApp"/>
        <method signature="WebApp.select_Person_Me_No()[pri:137, instance:com.sureifylife.WebApp@20e2cbe0]" name="select_Person_Me_No" class="com.sureifylife.WebApp"/>
        <method signature="WebApp.otherInsurances()[pri:138, instance:com.sureifylife.WebApp@20e2cbe0]" name="otherInsurances" class="com.sureifylife.WebApp"/>
        <method signature="WebApp.addAnotherPolicy()[pri:142, instance:com.sureifylife.WebApp@20e2cbe0]" name="addAnotherPolicy" class="com.sureifylife.WebApp"/>
        <method signature="WebApp.otherInsurance_No()[pri:144, instance:com.sureifylife.WebApp@20e2cbe0]" name="otherInsurance_No" class="com.sureifylife.WebApp"/>
        <method signature="WebApp.otherInsurance_Yes_No()[pri:140, instance:com.sureifylife.WebApp@20e2cbe0]" name="otherInsurance_Yes_No" class="com.sureifylife.WebApp"/>
        <method signature="WebApp.otherInsurance_Yes_Unsure()[pri:141, instance:com.sureifylife.WebApp@20e2cbe0]" name="otherInsurance_Yes_Unsure" class="com.sureifylife.WebApp"/>
        <method signature="WebApp.otherInsurance_Yes_Yes()[pri:139, instance:com.sureifylife.WebApp@20e2cbe0]" name="otherInsurance_Yes_Yes" class="com.sureifylife.WebApp"/>
        <method signature="WebApp.removePolicy()[pri:143, instance:com.sureifylife.WebApp@20e2cbe0]" name="removePolicy" class="com.sureifylife.WebApp"/>
        <method signature="WebApp.replacement()[pri:145, instance:com.sureifylife.WebApp@20e2cbe0]" name="replacement" class="com.sureifylife.WebApp"/>
        <method signature="WebApp.addAnotherReplacement()[pri:147, instance:com.sureifylife.WebApp@20e2cbe0]" name="addAnotherReplacement" class="com.sureifylife.WebApp"/>
        <method signature="WebApp.removePolicy_Replacement()[pri:148, instance:com.sureifylife.WebApp@20e2cbe0]" name="removePolicy_Replacement" class="com.sureifylife.WebApp"/>
        <method signature="WebApp.select_No_No()[pri:149, instance:com.sureifylife.WebApp@20e2cbe0]" name="select_No_No" class="com.sureifylife.WebApp"/>
        <method signature="WebApp.next_replacement()[pri:150, instance:com.sureifylife.WebApp@20e2cbe0]" name="next_replacement" class="com.sureifylife.WebApp"/>
        <method signature="WebApp.medicalInfo()[pri:151, instance:com.sureifylife.WebApp@20e2cbe0]" name="medicalInfo" class="com.sureifylife.WebApp"/>
        <method signature="WebApp.select_Person_Me_Yes()[pri:134, instance:com.sureifylife.WebApp@20e2cbe0]" name="select_Person_Me_Yes" class="com.sureifylife.WebApp"/>
        <method signature="WebApp.select_Person_somoneElse()[pri:135, instance:com.sureifylife.WebApp@20e2cbe0]" name="select_Person_somoneElse" class="com.sureifylife.WebApp"/>
        <method signature="WebApp.select_Yes_Diagnosed()[pri:152, instance:com.sureifylife.WebApp@20e2cbe0]" name="select_Yes_Diagnosed" class="com.sureifylife.WebApp"/>
        <method signature="WebApp.addAnotherDiagnosis()[pri:167, instance:com.sureifylife.WebApp@20e2cbe0]" name="addAnotherDiagnosis" class="com.sureifylife.WebApp"/>
        <method signature="WebApp.invalidDateofDiagnosis()[pri:155, instance:com.sureifylife.WebApp@20e2cbe0]" name="invalidDateofDiagnosis" class="com.sureifylife.WebApp"/>
        <method signature="WebApp.invalidDiagnosis()[pri:153, instance:com.sureifylife.WebApp@20e2cbe0]" name="invalidDiagnosis" class="com.sureifylife.WebApp"/>
        <method signature="WebApp.invalidHealthcareProvider()[pri:157, instance:com.sureifylife.WebApp@20e2cbe0]" name="invalidHealthcareProvider" class="com.sureifylife.WebApp"/>
        <method signature="WebApp.medicalinfoInvalidAddress1()[pri:159, instance:com.sureifylife.WebApp@20e2cbe0]" name="medicalinfoInvalidAddress1" class="com.sureifylife.WebApp"/>
        <method signature="WebApp.medicalinfoInvalidCity()[pri:162, instance:com.sureifylife.WebApp@20e2cbe0]" name="medicalinfoInvalidCity" class="com.sureifylife.WebApp"/>
        <method signature="WebApp.medicalinfoInvalidZip()[pri:165, instance:com.sureifylife.WebApp@20e2cbe0]" name="medicalinfoInvalidZip" class="com.sureifylife.WebApp"/>
        <method signature="WebApp.medicalinfoState()[pri:164, instance:com.sureifylife.WebApp@20e2cbe0]" name="medicalinfoState" class="com.sureifylife.WebApp"/>
        <method signature="WebApp.medicalinfoValidAddress1()[pri:160, instance:com.sureifylife.WebApp@20e2cbe0]" name="medicalinfoValidAddress1" class="com.sureifylife.WebApp"/>
        <method signature="WebApp.medicalinfoValidAddress2()[pri:161, instance:com.sureifylife.WebApp@20e2cbe0]" name="medicalinfoValidAddress2" class="com.sureifylife.WebApp"/>
        <method signature="WebApp.medicalinfoValidZip()[pri:166, instance:com.sureifylife.WebApp@20e2cbe0]" name="medicalinfoValidZip" class="com.sureifylife.WebApp"/>
        <method signature="WebApp.medicalinfovalidCity()[pri:163, instance:com.sureifylife.WebApp@20e2cbe0]" name="medicalinfovalidCity" class="com.sureifylife.WebApp"/>
        <method signature="WebApp.removeDiagnosis()[pri:168, instance:com.sureifylife.WebApp@20e2cbe0]" name="removeDiagnosis" class="com.sureifylife.WebApp"/>
        <method signature="WebApp.select_No_Diagnosed()[pri:169, instance:com.sureifylife.WebApp@20e2cbe0]" name="select_No_Diagnosed" class="com.sureifylife.WebApp"/>
        <method signature="WebApp.clickNext()[pri:170, instance:com.sureifylife.WebApp@20e2cbe0]" name="clickNext" class="com.sureifylife.WebApp"/>
        <method signature="WebApp.consent()[pri:171, instance:com.sureifylife.WebApp@20e2cbe0]" name="consent" class="com.sureifylife.WebApp"/>
        <method signature="WebApp.clickToEsign()[pri:172, instance:com.sureifylife.WebApp@20e2cbe0]" name="clickToEsign" class="com.sureifylife.WebApp"/>
        <method signature="WebApp.clickOk()[pri:173, instance:com.sureifylife.WebApp@20e2cbe0]" name="clickOk" class="com.sureifylife.WebApp"/>
        <method signature="WebApp.clickGetStarted()[pri:174, instance:com.sureifylife.WebApp@20e2cbe0]" name="clickGetStarted" class="com.sureifylife.WebApp"/>
        <method signature="WebApp.checkFieldReq()[pri:175, instance:com.sureifylife.WebApp@20e2cbe0]" name="checkFieldReq" class="com.sureifylife.WebApp"/>
        <method signature="WebApp.clickToSign()[pri:176, instance:com.sureifylife.WebApp@20e2cbe0]" name="clickToSign" class="com.sureifylife.WebApp"/>
        <method signature="WebApp.clickContinue()[pri:177, instance:com.sureifylife.WebApp@20e2cbe0]" name="clickContinue" class="com.sureifylife.WebApp"/>
        <method signature="WebApp.iAgree()[pri:178, instance:com.sureifylife.WebApp@20e2cbe0]" name="iAgree" class="com.sureifylife.WebApp"/>
        <method signature="WebApp.clickClose()[pri:179, instance:com.sureifylife.WebApp@20e2cbe0]" name="clickClose" class="com.sureifylife.WebApp"/>
        <method signature="WebApp.payment()[pri:180, instance:com.sureifylife.WebApp@20e2cbe0]" name="payment" class="com.sureifylife.WebApp"/>
        <method signature="WebApp.confirmation()[pri:181, instance:com.sureifylife.WebApp@20e2cbe0]" name="confirmation" class="com.sureifylife.WebApp"/>
        <method signature="WebApp.checkGreyLayout()[pri:182, instance:com.sureifylife.WebApp@20e2cbe0]" name="checkGreyLayout" class="com.sureifylife.WebApp"/>
        <method signature="WebApp.selectOtherTab()[pri:183, instance:com.sureifylife.WebApp@20e2cbe0]" name="selectOtherTab" class="com.sureifylife.WebApp"/>
        <method signature="WebApp.clickEdit()[pri:184, instance:com.sureifylife.WebApp@20e2cbe0]" name="clickEdit" class="com.sureifylife.WebApp"/>
        <method signature="WebApp.clickUpdate()[pri:185, instance:com.sureifylife.WebApp@20e2cbe0]" name="clickUpdate" class="com.sureifylife.WebApp"/>
        <method signature="WebApp.clickConfirm()[pri:186, instance:com.sureifylife.WebApp@20e2cbe0]" name="clickConfirm" class="com.sureifylife.WebApp"/>
        <method signature="WebApp.conditionalReceipt()[pri:187, instance:com.sureifylife.WebApp@20e2cbe0]" name="conditionalReceipt" class="com.sureifylife.WebApp"/>
        <method signature="WebApp.clickConditionalNext()[pri:188, instance:com.sureifylife.WebApp@20e2cbe0]" name="clickConditionalNext" class="com.sureifylife.WebApp"/>
        <method signature="WebApp.confirmAddress()[pri:189, instance:com.sureifylife.WebApp@20e2cbe0]" name="confirmAddress" class="com.sureifylife.WebApp"/>
        <method signature="WebApp.clickSameAdd()[pri:190, instance:com.sureifylife.WebApp@20e2cbe0]" name="clickSameAdd" class="com.sureifylife.WebApp"/>
        <method signature="WebApp.clickSend()[pri:193, instance:com.sureifylife.WebApp@20e2cbe0]" name="clickSend" class="com.sureifylife.WebApp"/>
        <method signature="WebApp.select_Yes_Yes()[pri:146, instance:com.sureifylife.WebApp@20e2cbe0]" name="select_Yes_Yes" class="com.sureifylife.WebApp"/>
        <method signature="WebApp.smokeInfo()[pri:34, instance:com.sureifylife.WebApp@20e2cbe0]" name="smokeInfo" class="com.sureifylife.WebApp"/>
        <method signature="WebApp.startSaving()[pri:4, instance:com.sureifylife.WebApp@20e2cbe0]" name="startSaving" class="com.sureifylife.WebApp"/>
        <method signature="WebApp.testFiledsWithInvalidData()[pri:133, instance:com.sureifylife.WebApp@20e2cbe0]" name="testFiledsWithInvalidData" class="com.sureifylife.WebApp"/>
        <method signature="WebApp.trust()[pri:136, instance:com.sureifylife.WebApp@20e2cbe0]" name="trust" class="com.sureifylife.WebApp"/>
        <method signature="WebApp.trySureify()[pri:3, instance:com.sureifylife.WebApp@20e2cbe0]" name="trySureify" class="com.sureifylife.WebApp"/>
        <method signature="WebApp.userLogin()[pri:194, instance:com.sureifylife.WebApp@20e2cbe0]" name="userLogin" class="com.sureifylife.WebApp"/>
        <method signature="WebApp.validAddress1()[pri:91, instance:com.sureifylife.WebApp@20e2cbe0]" name="validAddress1" class="com.sureifylife.WebApp"/>
        <method signature="WebApp.validCellNumber()[pri:99, instance:com.sureifylife.WebApp@20e2cbe0]" name="validCellNumber" class="com.sureifylife.WebApp"/>
        <method signature="WebApp.validCity()[pri:94, instance:com.sureifylife.WebApp@20e2cbe0]" name="validCity" class="com.sureifylife.WebApp"/>
        <method signature="WebApp.validConfirmPassword()[pri:70, instance:com.sureifylife.WebApp@20e2cbe0]" name="validConfirmPassword" class="com.sureifylife.WebApp"/>
        <method signature="WebApp.validContingentBenfName()[pri:123, instance:com.sureifylife.WebApp@20e2cbe0]" name="validContingentBenfName" class="com.sureifylife.WebApp"/>
        <method signature="WebApp.validContingentBenfPer()[pri:130, instance:com.sureifylife.WebApp@20e2cbe0]" name="validContingentBenfPer" class="com.sureifylife.WebApp"/>
        <method signature="WebApp.validContingentRelationName()[pri:125, instance:com.sureifylife.WebApp@20e2cbe0]" name="validContingentRelationName" class="com.sureifylife.WebApp"/>
        <method signature="WebApp.validDateofDiagnosis()[pri:156, instance:com.sureifylife.WebApp@20e2cbe0]" name="validDateofDiagnosis" class="com.sureifylife.WebApp"/>
        <method signature="WebApp.validDiagnosis()[pri:154, instance:com.sureifylife.WebApp@20e2cbe0]" name="validDiagnosis" class="com.sureifylife.WebApp"/>
        <method signature="WebApp.validEmail()[pri:41, instance:com.sureifylife.WebApp@20e2cbe0]" name="validEmail" class="com.sureifylife.WebApp"/>
        <method signature="WebApp.validFirstName()[pri:76, instance:com.sureifylife.WebApp@20e2cbe0]" name="validFirstName" class="com.sureifylife.WebApp"/>
        <method signature="WebApp.validHealthcareProvider()[pri:158, instance:com.sureifylife.WebApp@20e2cbe0]" name="validHealthcareProvider" class="com.sureifylife.WebApp"/>
        <method signature="WebApp.validHomeNumber()[pri:103, instance:com.sureifylife.WebApp@20e2cbe0]" name="validHomeNumber" class="com.sureifylife.WebApp"/>
        <method signature="WebApp.validLastName()[pri:80, instance:com.sureifylife.WebApp@20e2cbe0]" name="validLastName" class="com.sureifylife.WebApp"/>
        <method signature="WebApp.validLicenseNumber()[pri:105, instance:com.sureifylife.WebApp@20e2cbe0]" name="validLicenseNumber" class="com.sureifylife.WebApp"/>
        <method signature="WebApp.validMiddleName()[pri:78, instance:com.sureifylife.WebApp@20e2cbe0]" name="validMiddleName" class="com.sureifylife.WebApp"/>
        <method signature="WebApp.validName()[pri:39, instance:com.sureifylife.WebApp@20e2cbe0]" name="validName" class="com.sureifylife.WebApp"/>
        <method signature="WebApp.validOccupation()[pri:108, instance:com.sureifylife.WebApp@20e2cbe0]" name="validOccupation" class="com.sureifylife.WebApp"/>
        <method signature="WebApp.validPassword()[pri:68, instance:com.sureifylife.WebApp@20e2cbe0]" name="validPassword" class="com.sureifylife.WebApp"/>
        <method signature="WebApp.validPrimaryBenName()[pri:114, instance:com.sureifylife.WebApp@20e2cbe0]" name="validPrimaryBenName" class="com.sureifylife.WebApp"/>
        <method signature="WebApp.validPrimaryBenfPer()[pri:121, instance:com.sureifylife.WebApp@20e2cbe0]" name="validPrimaryBenfPer" class="com.sureifylife.WebApp"/>
        <method signature="WebApp.validPrimaryRelationName()[pri:116, instance:com.sureifylife.WebApp@20e2cbe0]" name="validPrimaryRelationName" class="com.sureifylife.WebApp"/>
        <method signature="WebApp.validSSN()[pri:87, instance:com.sureifylife.WebApp@20e2cbe0]" name="validSSN" class="com.sureifylife.WebApp"/>
        <method signature="WebApp.validWeight()[pri:85, instance:com.sureifylife.WebApp@20e2cbe0]" name="validWeight" class="com.sureifylife.WebApp"/>
        <method signature="WebApp.validWorkNumber()[pri:101, instance:com.sureifylife.WebApp@20e2cbe0]" name="validWorkNumber" class="com.sureifylife.WebApp"/>
        <method signature="WebApp.validWorkZip()[pri:110, instance:com.sureifylife.WebApp@20e2cbe0]" name="validWorkZip" class="com.sureifylife.WebApp"/>
        <method signature="WebApp.validZipCode()[pri:97, instance:com.sureifylife.WebApp@20e2cbe0]" name="validZipCode" class="com.sureifylife.WebApp"/>
        <method signature="WebApp.validzipcode()[pri:25, instance:com.sureifylife.WebApp@20e2cbe0]" name="validzipcode" class="com.sureifylife.WebApp"/>
        <method signature="WebApp.verifyAmountAndDuration()[pri:44, instance:com.sureifylife.WebApp@20e2cbe0]" name="verifyAmountAndDuration" class="com.sureifylife.WebApp"/>
        <method signature="WebApp.verifyEmailAddress()[pri:66, instance:com.sureifylife.WebApp@20e2cbe0]" name="verifyEmailAddress" class="com.sureifylife.WebApp"/>
        <method signature="WebApp.verifyShowAndHidePassword()[pri:71, instance:com.sureifylife.WebApp@20e2cbe0]" name="verifyShowAndHidePassword" class="com.sureifylife.WebApp"/>
        <method signature="WebApp.verifyUserName()[pri:65, instance:com.sureifylife.WebApp@20e2cbe0]" name="verifyUserName" class="com.sureifylife.WebApp"/>
        <method signature="WebApp.zipcodeInfo()[pri:23, instance:com.sureifylife.WebApp@20e2cbe0]" name="zipcodeInfo" class="com.sureifylife.WebApp"/>
      </group> <!-- regressiontest -->
      <group name="smoketest">
        <method signature="WebApp.setUp(java.lang.String, java.lang.String)[pri:0, instance:com.sureifylife.WebApp@20e2cbe0]" name="setUp" class="com.sureifylife.WebApp"/>
        <method signature="WebApp.lanchApp()[pri:0, instance:com.sureifylife.WebApp@20e2cbe0]" name="lanchApp" class="com.sureifylife.WebApp"/>
        <method signature="WebApp.blog()[pri:19, instance:com.sureifylife.WebApp@20e2cbe0]" name="blog" class="com.sureifylife.WebApp"/>
        <method signature="WebApp.blogo()[pri:20, instance:com.sureifylife.WebApp@20e2cbe0]" name="blogo" class="com.sureifylife.WebApp"/>
        <method signature="WebApp.clogo()[pri:13, instance:com.sureifylife.WebApp@20e2cbe0]" name="clogo" class="com.sureifylife.WebApp"/>
        <method signature="WebApp.devices()[pri:14, instance:com.sureifylife.WebApp@20e2cbe0]" name="devices" class="com.sureifylife.WebApp"/>
        <method signature="WebApp.dlogo()[pri:18, instance:com.sureifylife.WebApp@20e2cbe0]" name="dlogo" class="com.sureifylife.WebApp"/>
        <method signature="WebApp.getAquote_Devices()[pri:16, instance:com.sureifylife.WebApp@20e2cbe0]" name="getAquote_Devices" class="com.sureifylife.WebApp"/>
        <method signature="WebApp.getAquote_Savings()[pri:10, instance:com.sureifylife.WebApp@20e2cbe0]" name="getAquote_Savings" class="com.sureifylife.WebApp"/>
        <method signature="WebApp.getQuotebutton2()[pri:21, instance:com.sureifylife.WebApp@20e2cbe0]" name="getQuotebutton2" class="com.sureifylife.WebApp"/>
        <method signature="WebApp.BasicInfo()[pri:22, instance:com.sureifylife.WebApp@20e2cbe0]" name="BasicInfo" class="com.sureifylife.WebApp"/>
        <method signature="WebApp.ageInfo()[pri:32, instance:com.sureifylife.WebApp@20e2cbe0]" name="ageInfo" class="com.sureifylife.WebApp"/>
        <method signature="WebApp.chooseAge()[pri:33, instance:com.sureifylife.WebApp@20e2cbe0]" name="chooseAge" class="com.sureifylife.WebApp"/>
        <method signature="WebApp.chooseDuration()[pri:29, instance:com.sureifylife.WebApp@20e2cbe0]" name="chooseDuration" class="com.sureifylife.WebApp"/>
        <method signature="WebApp.chooseFaceAmount()[pri:27, instance:com.sureifylife.WebApp@20e2cbe0]" name="chooseFaceAmount" class="com.sureifylife.WebApp"/>
        <method signature="WebApp.chooseGender()[pri:31, instance:com.sureifylife.WebApp@20e2cbe0]" name="chooseGender" class="com.sureifylife.WebApp"/>
        <method signature="WebApp.chooseHealth()[pri:37, instance:com.sureifylife.WebApp@20e2cbe0]" name="chooseHealth" class="com.sureifylife.WebApp"/>
        <method signature="WebApp.chooseSmoke()[pri:35, instance:com.sureifylife.WebApp@20e2cbe0]" name="chooseSmoke" class="com.sureifylife.WebApp"/>
        <method signature="WebApp.durationInfo()[pri:28, instance:com.sureifylife.WebApp@20e2cbe0]" name="durationInfo" class="com.sureifylife.WebApp"/>
        <method signature="WebApp.faceAmountInfo()[pri:26, instance:com.sureifylife.WebApp@20e2cbe0]" name="faceAmountInfo" class="com.sureifylife.WebApp"/>
        <method signature="WebApp.genderInfo()[pri:30, instance:com.sureifylife.WebApp@20e2cbe0]" name="genderInfo" class="com.sureifylife.WebApp"/>
        <method signature="WebApp.getCaptcha()[pri:42, instance:com.sureifylife.WebApp@20e2cbe0]" name="getCaptcha" class="com.sureifylife.WebApp"/>
        <method signature="WebApp.getRate()[pri:5, instance:com.sureifylife.WebApp@20e2cbe0]" name="getRate" class="com.sureifylife.WebApp"/>
        <method signature="WebApp.getStarted()[pri:6, instance:com.sureifylife.WebApp@20e2cbe0]" name="getStarted" class="com.sureifylife.WebApp"/>
        <method signature="WebApp.getaQuote()[pri:7, instance:com.sureifylife.WebApp@20e2cbe0]" name="getaQuote" class="com.sureifylife.WebApp"/>
        <method signature="WebApp.getquoteButton()[pri:43, instance:com.sureifylife.WebApp@20e2cbe0]" name="getquoteButton" class="com.sureifylife.WebApp"/>
        <method signature="WebApp.checkFitBitDevices()[pri:45, instance:com.sureifylife.WebApp@20e2cbe0]" name="checkFitBitDevices" class="com.sureifylife.WebApp"/>
        <method signature="WebApp.clickCvrgAmountQst()[pri:46, instance:com.sureifylife.WebApp@20e2cbe0]" name="clickCvrgAmountQst" class="com.sureifylife.WebApp"/>
        <method signature="WebApp.clickCvrgDurationQst()[pri:47, instance:com.sureifylife.WebApp@20e2cbe0]" name="clickCvrgDurationQst" class="com.sureifylife.WebApp"/>
        <method signature="WebApp.clickPriceQst()[pri:48, instance:com.sureifylife.WebApp@20e2cbe0]" name="clickPriceQst" class="com.sureifylife.WebApp"/>
        <method signature="WebApp.confirmApply()[pri:50, instance:com.sureifylife.WebApp@20e2cbe0]" name="confirmApply" class="com.sureifylife.WebApp"/>
        <method signature="WebApp.CBasicinfo()[pri:55, instance:com.sureifylife.WebApp@20e2cbe0]" name="CBasicinfo" class="com.sureifylife.WebApp"/>
        <method signature="WebApp.bannerText()[pri:59, instance:com.sureifylife.WebApp@20e2cbe0]" name="bannerText" class="com.sureifylife.WebApp"/>
        <method signature="WebApp.buyNow()[pri:58, instance:com.sureifylife.WebApp@20e2cbe0]" name="buyNow" class="com.sureifylife.WebApp"/>
        <method signature="WebApp.checkFitbitDeviceVisible()[pri:57, instance:com.sureifylife.WebApp@20e2cbe0]" name="checkFitbitDeviceVisible" class="com.sureifylife.WebApp"/>
        <method signature="WebApp.checkNewCoverageAmount()[pri:53, instance:com.sureifylife.WebApp@20e2cbe0]" name="checkNewCoverageAmount" class="com.sureifylife.WebApp"/>
        <method signature="WebApp.checkNewDuration()[pri:54, instance:com.sureifylife.WebApp@20e2cbe0]" name="checkNewDuration" class="com.sureifylife.WebApp"/>
        <method signature="WebApp.checkNewMonthlyPremium()[pri:51, instance:com.sureifylife.WebApp@20e2cbe0]" name="checkNewMonthlyPremium" class="com.sureifylife.WebApp"/>
        <method signature="WebApp.checkNewYearlyPremium()[pri:52, instance:com.sureifylife.WebApp@20e2cbe0]" name="checkNewYearlyPremium" class="com.sureifylife.WebApp"/>
        <method signature="WebApp.checkResend_link_btn()[pri:60, instance:com.sureifylife.WebApp@20e2cbe0]" name="checkResend_link_btn" class="com.sureifylife.WebApp"/>
        <method signature="WebApp.getQuoteInfo()[pri:56, instance:com.sureifylife.WebApp@20e2cbe0]" name="getQuoteInfo" class="com.sureifylife.WebApp"/>
        <method signature="WebApp.healthInfo()[pri:36, instance:com.sureifylife.WebApp@20e2cbe0]" name="healthInfo" class="com.sureifylife.WebApp"/>
        <method signature="WebApp.invalidEmail()[pri:40, instance:com.sureifylife.WebApp@20e2cbe0]" name="invalidEmail" class="com.sureifylife.WebApp"/>
        <method signature="WebApp.invalidName()[pri:38, instance:com.sureifylife.WebApp@20e2cbe0]" name="invalidName" class="com.sureifylife.WebApp"/>
        <method signature="WebApp.invalidzipcode()[pri:24, instance:com.sureifylife.WebApp@20e2cbe0]" name="invalidzipcode" class="com.sureifylife.WebApp"/>
        <method signature="WebApp.lanchGmail()[pri:61, instance:com.sureifylife.WebApp@20e2cbe0]" name="lanchGmail" class="com.sureifylife.WebApp"/>
        <method signature="WebApp.learnMore()[pri:2, instance:com.sureifylife.WebApp@20e2cbe0]" name="learnMore" class="com.sureifylife.WebApp"/>
        <method signature="WebApp.learnMore_Devices()[pri:15, instance:com.sureifylife.WebApp@20e2cbe0]" name="learnMore_Devices" class="com.sureifylife.WebApp"/>
        <method signature="WebApp.learnMore_Savings()[pri:9, instance:com.sureifylife.WebApp@20e2cbe0]" name="learnMore_Savings" class="com.sureifylife.WebApp"/>
        <method signature="WebApp.lifeInsurance()[pri:1, instance:com.sureifylife.WebApp@20e2cbe0]" name="lifeInsurance" class="com.sureifylife.WebApp"/>
[...]
              <![CDATA[java.lang.Throwable: Method WebApp.selectOtherTab()[pri:183, instance:com.sureifylife.WebApp@20e2cbe0] depends on not successfully finished methods
	at org.testng.internal.Invoker.invokeTestMethods(Invoker.java:1028)
	at org.testng.internal.TestMethodWorker.invokeTestMethods(TestMethodWorker.java:129)
	at org.testng.internal.TestMethodWorker.run(TestMethodWorker.java:112)
	at org.testng.TestRunner.privateRun(TestRunner.java:753)
	at org.testng.TestRunner.run(TestRunner.java:607)
	at org.testng.SuiteRunner.runTest(SuiteRunner.java:368)
	at org.testng.SuiteRunner.runSequentially(SuiteRunner.java:363)
	at org.testng.SuiteRunner.privateRun(SuiteRunner.java:321)
	at org.testng.SuiteRunner.run(SuiteRunner.java:270)
	at org.testng.SuiteRunnerWorker.runSuite(SuiteRunnerWorker.java:52)
	at org.testng.SuiteRunnerWorker.run(SuiteRunnerWorker.java:86)
	at org.testng.TestNG.runSuitesSequentially(TestNG.java:1284)
	at org.testng.TestNG.runSuitesLocally(TestNG.java:1209)
	at org.testng.TestNG.runSuites(TestNG.java:1124)
	at org.testng.TestNG.run(TestNG.java:1096)
	at org.testng.remote.AbstractRemoteTestNG.run(AbstractRemoteTestNG.java:132)
	at org.testng.remote.RemoteTestNG.initAndRun(RemoteTestNG.java:236)
	at org.testng.remote.RemoteTestNG.main(RemoteTestNG.java:81)
]]>
            </full-stacktrace>
          </exception> <!-- java.lang.Throwable -->
          <reporter-output>
          </reporter-output>
        </test-method> <!-- selectOtherTab -->
        <test-method status="SKIP" signature="clickEdit()[pri:184, instance:com.sureifylife.WebApp@20e2cbe0]" name="clickEdit" duration-ms="0" started-at="2016-11-18T11:51:00Z" depends-on-methods="com.sureifylife.WebApp.selectOtherTab" finished-at="2016-11-18T11:51:00Z">
          <exception class="java.lang.Throwable">
            <message>
              <![CDATA[Method WebApp.clickEdit()[pri:184, instance:com.sureifylife.WebApp@20e2cbe0] depends on not successfully finished methods]]>
            </message>
            <full-stacktrace>
              <![CDATA[java.lang.Throwable: Method WebApp.clickEdit()[pri:184, instance:com.sureifylife.WebApp@20e2cbe0] depends on not successfully finished methods
	at org.testng.internal.Invoker.invokeTestMethods(Invoker.java:1028)
	at org.testng.internal.TestMethodWorker.invokeTestMethods(TestMethodWorker.java:129)
	at org.testng.internal.TestMethodWorker.run(TestMethodWorker.java:112)
	at org.testng.TestRunner.privateRun(TestRunner.java:753)
	at org.testng.TestRunner.run(TestRunner.java:607)
	at org.testng.SuiteRunner.runTest(SuiteRunner.java:368)
	at org.testng.SuiteRunner.runSequentially(SuiteRunner.java:363)
	at org.testng.SuiteRunner.privateRun(SuiteRunner.java:321)
	at org.testng.SuiteRunner.run(SuiteRunner.java:270)
	at org.testng.SuiteRunnerWorker.runSuite(SuiteRunnerWorker.java:52)
	at org.testng.SuiteRunnerWorker.run(SuiteRunnerWorker.java:86)
	at org.testng.TestNG.runSuitesSequentially(TestNG.java:1284)
	at org.testng.TestNG.runSuitesLocally(TestNG.java:1209)
	at org.testng.TestNG.runSuites(TestNG.java:1124)
	at org.testng.TestNG.run(TestNG.java:1096)
	at org.testng.remote.AbstractRemoteTestNG.run(AbstractRemoteTestNG.java:132)
	at org.testng.remote.RemoteTestNG.initAndRun(RemoteTestNG.java:236)
	at org.testng.remote.RemoteTestNG.main(RemoteTestNG.java:81)
]]>
            </full-stacktrace>
          </exception> <!-- java.lang.Throwable -->
          <reporter-output>
          </reporter-output>
        </test-method> <!-- clickEdit -->
        <test-method status="SKIP" signature="clickUpdate()[pri:185, instance:com.sureifylife.WebApp@20e2cbe0]" name="clickUpdate" duration-ms="0" started-at="2016-11-18T11:51:00Z" depends-on-methods="com.sureifylife.WebApp.clickEdit" finished-at="2016-11-18T11:51:00Z">
          <exception class="java.lang.Throwable">
            <message>
              <![CDATA[Method WebApp.clickUpdate()[pri:185, instance:com.sureifylife.WebApp@20e2cbe0] depends on not successfully finished methods]]>
            </message>
            <full-stacktrace>
              <![CDATA[java.lang.Throwable: Method WebApp.clickUpdate()[pri:185, instance:com.sureifylife.WebApp@20e2cbe0] depends on not successfully finished methods
	at org.testng.internal.Invoker.invokeTestMethods(Invoker.java:1028)
	at org.testng.internal.TestMethodWorker.invokeTestMethods(TestMethodWorker.java:129)
	at org.testng.internal.TestMethodWorker.run(TestMethodWorker.java:112)
	at org.testng.TestRunner.privateRun(TestRunner.java:753)
	at org.testng.TestRunner.run(TestRunner.java:607)
	at org.testng.SuiteRunner.runTest(SuiteRunner.java:368)
	at org.testng.SuiteRunner.runSequentially(SuiteRunner.java:363)
	at org.testng.SuiteRunner.privateRun(SuiteRunner.java:321)
	at org.testng.SuiteRunner.run(SuiteRunner.java:270)
	at org.testng.SuiteRunnerWorker.runSuite(SuiteRunnerWorker.java:52)
	at org.testng.SuiteRunnerWorker.run(SuiteRunnerWorker.java:86)
	at org.testng.TestNG.runSuitesSequentially(TestNG.java:1284)
	at org.testng.TestNG.runSuitesLocally(TestNG.java:1209)
	at org.testng.TestNG.runSuites(TestNG.java:1124)
	at org.testng.TestNG.run(TestNG.java:1096)
	at org.testng.remote.AbstractRemoteTestNG.run(AbstractRemoteTestNG.java:132)
	at org.testng.remote.RemoteTestNG.initAndRun(RemoteTestNG.java:236)
	at org.testng.remote.RemoteTestNG.main(RemoteTestNG.java:81)
]]>
            </full-stacktrace>
          </exception> <!-- java.lang.Throwable -->
          <reporter-output>
          </reporter-output>
        </test-method> <!-- clickUpdate -->
        <test-method status="SKIP" signature="clickConfirm()[pri:186, instance:com.sureifylife.WebApp@20e2cbe0]" name="clickConfirm" duration-ms="0" started-at="2016-11-18T11:51:00Z" depends-on-methods="com.sureifylife.WebApp.clickUpdate" finished-at="2016-11-18T11:51:00Z">
          <exception class="java.lang.Throwable">
            <message>
              <![CDATA[Method WebApp.clickConfirm()[pri:186, instance:com.sureifylife.WebApp@20e2cbe0] depends on not successfully finished methods]]>
            </message>
            <full-stacktrace>
              <![CDATA[java.lang.Throwable: Method WebApp.clickConfirm()[pri:186, instance:com.sureifylife.WebApp@20e2cbe0] depends on not successfully finished methods
	at org.testng.internal.Invoker.invokeTestMethods(Invoker.java:1028)
	at org.testng.internal.TestMethodWorker.invokeTestMethods(TestMethodWorker.java:129)
	at org.testng.internal.TestMethodWorker.run(TestMethodWorker.java:112)
	at org.testng.TestRunner.privateRun(TestRunner.java:753)
	at org.testng.TestRunner.run(TestRunner.java:607)
	at org.testng.SuiteRunner.runTest(SuiteRunner.java:368)
	at org.testng.SuiteRunner.runSequentially(SuiteRunner.java:363)
	at org.testng.SuiteRunner.privateRun(SuiteRunner.java:321)
	at org.testng.SuiteRunner.run(SuiteRunner.java:270)
	at org.testng.SuiteRunnerWorker.runSuite(SuiteRunnerWorker.java:52)
	at org.testng.SuiteRunnerWorker.run(SuiteRunnerWorker.java:86)
	at org.testng.TestNG.runSuitesSequentially(TestNG.java:1284)
	at org.testng.TestNG.runSuitesLocally(TestNG.java:1209)
	at org.testng.TestNG.runSuites(TestNG.java:1124)
	at org.testng.TestNG.run(TestNG.java:1096)
	at org.testng.remote.AbstractRemoteTestNG.run(AbstractRemoteTestNG.java:132)
	at org.testng.remote.RemoteTestNG.initAndRun(RemoteTestNG.java:236)
	at org.testng.remote.RemoteTestNG.main(RemoteTestNG.java:81)
]]>
            </full-stacktrace>
          </exception> <!-- java.lang.Throwable -->
          <reporter-output>
          </reporter-output>
        </test-method> <!-- clickConfirm -->
        <test-method status="SKIP" signature="conditionalReceipt()[pri:187, instance:com.sureifylife.WebApp@20e2cbe0]" name="conditionalReceipt" duration-ms="0" started-at="2016-11-18T11:51:00Z" depends-on-methods="com.sureifylife.WebApp.clickConfirm" finished-at="2016-11-18T11:51:00Z">
          <exception class="java.lang.Throwable">
            <message>
              <![CDATA[Method WebApp.conditionalReceipt()[pri:187, instance:com.sureifylife.WebApp@20e2cbe0] depends on not successfully finished methods]]>
            </message>
            <full-stacktrace>
              <![CDATA[java.lang.Throwable: Method WebApp.conditionalReceipt()[pri:187, instance:com.sureifylife.WebApp@20e2cbe0] depends on not successfully finished methods
	at org.testng.internal.Invoker.invokeTestMethods(Invoker.java:1028)
	at org.testng.internal.TestMethodWorker.invokeTestMethods(TestMethodWorker.java:129)
	at org.testng.internal.TestMethodWorker.run(TestMethodWorker.java:112)
	at org.testng.TestRunner.privateRun(TestRunner.java:753)
	at org.testng.TestRunner.run(TestRunner.java:607)
	at org.testng.SuiteRunner.runTest(SuiteRunner.java:368)
	at org.testng.SuiteRunner.runSequentially(SuiteRunner.java:363)
	at org.testng.SuiteRunner.privateRun(SuiteRunner.java:321)
	at org.testng.SuiteRunner.run(SuiteRunner.java:270)
	at org.testng.SuiteRunnerWorker.runSuite(SuiteRunnerWorker.java:52)
	at org.testng.SuiteRunnerWorker.run(SuiteRunnerWorker.java:86)
	at org.testng.TestNG.runSuitesSequentially(TestNG.java:1284)
	at org.testng.TestNG.runSuitesLocally(TestNG.java:1209)
	at org.testng.TestNG.runSuites(TestNG.java:1124)
	at org.testng.TestNG.run(TestNG.java:1096)
	at org.testng.remote.AbstractRemoteTestNG.run(AbstractRemoteTestNG.java:132)
	at org.testng.remote.RemoteTestNG.initAndRun(RemoteTestNG.java:236)
	at org.testng.remote.RemoteTestNG.main(RemoteTestNG.java:81)
]]>
            </full-stacktrace>
          </exception> <!-- java.lang.Throwable -->
          <reporter-output>
          </reporter-output>
        </test-method> <!-- conditionalReceipt -->
        <test-method status="SKIP" signature="clickConditionalNext()[pri:188, instance:com.sureifylife.WebApp@20e2cbe0]" name="clickConditionalNext" duration-ms="0" started-at="2016-11-18T11:51:00Z" depends-on-methods="com.sureifylife.WebApp.conditionalReceipt" finished-at="2016-11-18T11:51:00Z">
          <exception class="java.lang.Throwable">
            <message>
              <![CDATA[Method WebApp.clickConditionalNext()[pri:188, instance:com.sureifylife.WebApp@20e2cbe0] depends on not successfully finished methods]]>
            </message>
            <full-stacktrace>
              <![CDATA[java.lang.Throwable: Method WebApp.clickConditionalNext()[pri:188, instance:com.sureifylife.WebApp@20e2cbe0] depends on not successfully finished methods
	at org.testng.internal.Invoker.invokeTestMethods(Invoker.java:1028)
	at org.testng.internal.TestMethodWorker.invokeTestMethods(TestMethodWorker.java:129)
	at org.testng.internal.TestMethodWorker.run(TestMethodWorker.java:112)
	at org.testng.TestRunner.privateRun(TestRunner.java:753)
	at org.testng.TestRunner.run(TestRunner.java:607)
	at org.testng.SuiteRunner.runTest(SuiteRunner.java:368)
	at org.testng.SuiteRunner.runSequentially(SuiteRunner.java:363)
	at org.testng.SuiteRunner.privateRun(SuiteRunner.java:321)
	at org.testng.SuiteRunner.run(SuiteRunner.java:270)
	at org.testng.SuiteRunnerWorker.runSuite(SuiteRunnerWorker.java:52)
	at org.testng.SuiteRunnerWorker.run(SuiteRunnerWorker.java:86)
	at org.testng.TestNG.runSuitesSequentially(TestNG.java:1284)
	at org.testng.TestNG.runSuitesLocally(TestNG.java:1209)
	at org.testng.TestNG.runSuites(TestNG.java:1124)
	at org.testng.TestNG.run(TestNG.java:1096)
	at org.testng.remote.AbstractRemoteTestNG.run(AbstractRemoteTestNG.java:132)
	at org.testng.remote.RemoteTestNG.initAndRun(RemoteTestNG.java:236)
	at org.testng.remote.RemoteTestNG.main(RemoteTestNG.java:81)
]]>
            </full-stacktrace>
          </exception> <!-- java.lang.Throwable -->
          <reporter-output>
          </reporter-output>
        </test-method> <!-- clickConditionalNext -->
        <test-method status="SKIP" signature="confirmAddress()[pri:189, instance:com.sureifylife.WebApp@20e2cbe0]" name="confirmAddress" duration-ms="0" started-at="2016-11-18T11:51:00Z" depends-on-methods="com.sureifylife.WebApp.clickConditionalNext" finished-at="2016-11-18T11:51:00Z">
          <exception class="java.lang.Throwable">
            <message>
              <![CDATA[Method WebApp.confirmAddress()[pri:189, instance:com.sureifylife.WebApp@20e2cbe0] depends on not successfully finished methods]]>
            </message>
            <full-stacktrace>
              <![CDATA[java.lang.Throwable: Method WebApp.confirmAddress()[pri:189, instance:com.sureifylife.WebApp@20e2cbe0] depends on not successfully finished methods
	at org.testng.internal.Invoker.invokeTestMethods(Invoker.java:1028)
	at org.testng.internal.TestMethodWorker.invokeTestMethods(TestMethodWorker.java:129)
	at org.testng.internal.TestMethodWorker.run(TestMethodWorker.java:112)
	at org.testng.TestRunner.privateRun(TestRunner.java:753)
	at org.testng.TestRunner.run(TestRunner.java:607)
	at org.testng.SuiteRunner.runTest(SuiteRunner.java:368)
	at org.testng.SuiteRunner.runSequentially(SuiteRunner.java:363)
	at org.testng.SuiteRunner.privateRun(SuiteRunner.java:321)
	at org.testng.SuiteRunner.run(SuiteRunner.java:270)
	at org.testng.SuiteRunnerWorker.runSuite(SuiteRunnerWorker.java:52)
	at org.testng.SuiteRunnerWorker.run(SuiteRunnerWorker.java:86)
	at org.testng.TestNG.runSuitesSequentially(TestNG.java:1284)
	at org.testng.TestNG.runSuitesLocally(TestNG.java:1209)
	at org.testng.TestNG.runSuites(TestNG.java:1124)
	at org.testng.TestNG.run(TestNG.java:1096)
	at org.testng.remote.AbstractRemoteTestNG.run(AbstractRemoteTestNG.java:132)
	at org.testng.remote.RemoteTestNG.initAndRun(RemoteTestNG.java:236)
	at org.testng.remote.RemoteTestNG.main(RemoteTestNG.java:81)
]]>
            </full-stacktrace>
          </exception> <!-- java.lang.Throwable -->
          <reporter-output>
          </reporter-output>
        </test-method> <!-- confirmAddress -->
        <test-method status="SKIP" signature="clickSameAdd()[pri:190, instance:com.sureifylife.WebApp@20e2cbe0]" name="clickSameAdd" duration-ms="0" started-at="2016-11-18T11:51:00Z" depends-on-methods="com.sureifylife.WebApp.confirmAddress" finished-at="2016-11-18T11:51:00Z">
          <exception class="java.lang.Throwable">
            <message>
              <![CDATA[Method WebApp.clickSameAdd()[pri:190, instance:com.sureifylife.WebApp@20e2cbe0] depends on not successfully finished methods]]>
            </message>
            <full-stacktrace>
              <![CDATA[java.lang.Throwable: Method WebApp.clickSameAdd()[pri:190, instance:com.sureifylife.WebApp@20e2cbe0] depends on not successfully finished methods
	at org.testng.internal.Invoker.invokeTestMethods(Invoker.java:1028)
	at org.testng.internal.TestMethodWorker.invokeTestMethods(TestMethodWorker.java:129)
	at org.testng.internal.TestMethodWorker.run(TestMethodWorker.java:112)
	at org.testng.TestRunner.privateRun(TestRunner.java:753)
	at org.testng.TestRunner.run(TestRunner.java:607)
	at org.testng.SuiteRunner.runTest(SuiteRunner.java:368)
	at org.testng.SuiteRunner.runSequentially(SuiteRunner.java:363)
	at org.testng.SuiteRunner.privateRun(SuiteRunner.java:321)
	at org.testng.SuiteRunner.run(SuiteRunner.java:270)
	at org.testng.SuiteRunnerWorker.runSuite(SuiteRunnerWorker.java:52)
	at org.testng.SuiteRunnerWorker.run(SuiteRunnerWorker.java:86)
	at org.testng.TestNG.runSuitesSequentially(TestNG.java:1284)
	at org.testng.TestNG.runSuitesLocally(TestNG.java:1209)
	at org.testng.TestNG.runSuites(TestNG.java:1124)
	at org.testng.TestNG.run(TestNG.java:1096)
	at org.testng.remote.AbstractRemoteTestNG.run(AbstractRemoteTestNG.java:132)
	at org.testng.remote.RemoteTestNG.initAndRun(RemoteTestNG.java:236)
	at org.testng.remote.RemoteTestNG.main(RemoteTestNG.java:81)
]]>
            </full-stacktrace>
          </exception> <!-- java.lang.Throwable -->
          <reporter-output>
          </reporter-output>
        </test-method> <!-- clickSameAdd -->
        <test-method status="SKIP" signature="clickSend()[pri:193, instance:com.sureifylife.WebApp@20e2cbe0]" name="clickSend" duration-ms="0" started-at="2016-11-18T11:51:00Z" depends-on-methods="com.sureifylife.WebApp.clickSameAdd" finished-at="2016-11-18T11:51:00Z">
          <exception class="java.lang.Throwable">
            <message>
              <![CDATA[Method WebApp.clickSend()[pri:193, instance:com.sureifylife.WebApp@20e2cbe0] depends on not successfully finished methods]]>
            </message>
            <full-stacktrace>
              <![CDATA[java.lang.Throwable: Method WebApp.clickSend()[pri:193, instance:com.sureifylife.WebApp@20e2cbe0] depends on not successfully finished methods
	at org.testng.internal.Invoker.invokeTestMethods(Invoker.java:1028)
	at org.testng.internal.TestMethodWorker.invokeTestMethods(TestMethodWorker.java:129)
	at org.testng.internal.TestMethodWorker.run(TestMethodWorker.java:112)
	at org.testng.TestRunner.privateRun(TestRunner.java:753)
	at org.testng.TestRunner.run(TestRunner.java:607)
	at org.testng.SuiteRunner.runTest(SuiteRunner.java:368)
	at org.testng.SuiteRunner.runSequentially(SuiteRunner.java:363)
	at org.testng.SuiteRunner.privateRun(SuiteRunner.java:321)
	at org.testng.SuiteRunner.run(SuiteRunner.java:270)
	at org.testng.SuiteRunnerWorker.runSuite(SuiteRunnerWorker.java:52)
	at org.testng.SuiteRunnerWorker.run(SuiteRunnerWorker.java:86)
	at org.testng.TestNG.runSuitesSequentially(TestNG.java:1284)
	at org.testng.TestNG.runSuitesLocally(TestNG.java:1209)
	at org.testng.TestNG.runSuites(TestNG.java:1124)
	at org.testng.TestNG.run(TestNG.java:1096)
	at org.testng.remote.AbstractRemoteTestNG.run(AbstractRemoteTestNG.java:132)
	at org.testng.remote.RemoteTestNG.initAndRun(RemoteTestNG.java:236)
	at org.testng.remote.RemoteTestNG.main(RemoteTestNG.java:81)
]]>
            </full-stacktrace>
          </exception> <!-- java.lang.Throwable -->
          <reporter-output>
          </reporter-output>
        </test-method> <!-- clickSend -->
        <test-method status="SKIP" signature="userLogin()[pri:194, instance:com.sureifylife.WebApp@20e2cbe0]" name="userLogin" duration-ms="0" started-at="2016-11-18T11:51:00Z" depends-on-methods="com.sureifylife.WebApp.clickSend" finished-at="2016-11-18T11:51:00Z">
          <exception class="java.lang.Throwable">
            <message>
              <![CDATA[Method WebApp.userLogin()[pri:194, instance:com.sureifylife.WebApp@20e2cbe0] depends on not successfully finished methods]]>
            </message>
            <full-stacktrace>
              <![CDATA[java.lang.Throwable: Method WebApp.userLogin()[pri:194, instance:com.sureifylife.WebApp@20e2cbe0] depends on not successfully finished methods
	at org.testng.internal.Invoker.invokeTestMethods(Invoker.java:1028)
	at org.testng.internal.TestMethodWorker.invokeTestMethods(TestMethodWorker.java:129)
	at org.testng.internal.TestMethodWorker.run(TestMethodWorker.java:112)
	at org.testng.TestRunner.privateRun(TestRunner.java:753)
	at org.testng.TestRunner.run(TestRunner.java:607)
	at org.testng.SuiteRunner.runTest(SuiteRunner.java:368)
	at org.testng.SuiteRunner.runSequentially(SuiteRunner.java:363)
	at org.testng.SuiteRunner.privateRun(SuiteRunner.java:321)
	at org.testng.SuiteRunner.run(SuiteRunner.java:270)
	at org.testng.SuiteRunnerWorker.runSuite(SuiteRunnerWorker.java:52)
	at org.testng.SuiteRunnerWorker.run(SuiteRunnerWorker.java:86)
	at org.testng.TestNG.runSuitesSequentially(TestNG.java:1284)
	at org.testng.TestNG.runSuitesLocally(TestNG.java:1209)
	at org.testng.TestNG.runSuites(TestNG.java:1124)
	at org.testng.TestNG.run(TestNG.java:1096)
	at org.testng.remote.AbstractRemoteTestNG.run(AbstractRemoteTestNG.java:132)
	at org.testng.remote.RemoteTestNG.initAndRun(RemoteTestNG.java:236)
	at org.testng.remote.RemoteTestNG.main(RemoteTestNG.java:81)
]]>
            </full-stacktrace>
          </exception> <!-- java.lang.Throwable -->
          <reporter-output>
          </reporter-output>
        </test-method> <!-- userLogin -->
      </class> <!-- com.sureifylife.WebApp -->
    </test> <!-- Regression -->
  </suite> <!-- WebApp -->
</testng-results>
